<?xml version="1.0" encoding="UTF-8"?>
<testsuites name="TS - Buy Product" time="317.262" tests="3" failures="0" skips="0" errors="0">
   <testsuite name="TS - Buy Product" tests="3" failures="0" errors="0" time="317.262" skips="0" timestamp="2022-02-18 00:43:16" hostname="Lenovo - Muri" id="Test Suites/TS - Buy Product">
      <properties>
         <property name="deviceName" value="Xiaomi Redmi 7 (Android 10)"/>
         <property name="devicePlatform" value=""/>
         <property name="logFolder" value="C:\\Users\\Lenovo\\Katalon Studio\\Sauce Labs Mobile Test\\Reports\\20220218_004311\\TS - Buy Product\\20220218_004311"/>
         <property name="logFiles" value="C:\\Users\\Lenovo\\Katalon Studio\\Sauce Labs Mobile Test\\Reports\\20220218_004311\\TS - Buy Product\\20220218_004311\\appium.log, C:\\Users\\Lenovo\\Katalon Studio\\Sauce Labs Mobile Test\\Reports\\20220218_004311\\TS - Buy Product\\20220218_004311\\execution0.log"/>
         <property name="attachments" value=""/>
         <property name="hostName" value="Lenovo - Muri"/>
         <property name="os" value="Windows 10 64bit"/>
         <property name="appiumServerStatus" value="{&quot;value&quot;:{&quot;build&quot;:{&quot;version&quot;:&quot;1.21.0&quot;}},&quot;sessionId&quot;:null,&quot;status&quot;:0}"/>
         <property name="katalonVersion" value="7.8.0.208"/>
         <property name="deviceOS" value="Android"/>
         <property name="appiumVersion" value="1.21.0"/>
         <property name="deviceModel" value="Redmi 7"/>
         <property name="hostAddress" value="192.168.43.147"/>
         <property name="deviceManufacturer" value="Xiaomi"/>
         <property name="deviceId" value="4a90dd0d"/>
         <property name="deviceName" value="Xiaomi Redmi 7 (Android 10)"/>
         <property name="deviceOSVersion" value="10"/>
      </properties>
      <testcase name="Test Cases/TC - 000 - Swag Labs Master" time="84.706" classname="Test Cases/TC - 000 - Swag Labs Master" status="PASSED">
         <system-out><![CDATA[2022-02-18 00:43:18 - [TEST_CASE][PASSED] - Test Cases/TC - 000 - Swag Labs Master: Test Cases/TC - 000 - Swag Labs Master

2022-02-18 00:43:20 - [TEST_STEP][PASSED] - startApplication("C:\Users\Lenovo\Katalon Studio\Sauce Labs Mobile Test\Android.SauceLabs.Mobile.Sample.app.2.7.1.apk", false): Started app at: 'C:\Users\Lenovo\Katalon Studio\Sauce Labs Mobile Test\Android.SauceLabs.Mobile.Sample.app.2.7.1.apk'

2022-02-18 00:43:20 - [MESSAGE][INFO] - User set preference: ['appWaitActivity', '*']

2022-02-18 00:43:20 - [MESSAGE][INFO] - User set preference: ['deviceId', '4a90dd0d']

2022-02-18 00:43:23 - [MESSAGE][INFO] - Appium server started on port 62,039

2022-02-18 00:43:41 - [MESSAGE][INFO] - Failed to get Android statusbar's information.

2022-02-18 00:43:41 - [MESSAGE][PASSED] - Started app at: 'C:\Users\Lenovo\Katalon Studio\Sauce Labs Mobile Test\Android.SauceLabs.Mobile.Sample.app.2.7.1.apk'

2022-02-18 00:43:41 - [TEST_STEP][PASSED] - callTestCase(findTestCase("TC - 001 - Login"), [:], STOP_ON_FAILURE): Call Test Case 'Test Cases/TC - 001 - Login' successfully

2022-02-18 00:43:41 - [TEST_CASE][PASSED] - Test Cases/TC - 001 - Login: Test Cases/TC - 001 - Login

2022-02-18 00:43:41 - [TEST_STEP][PASSED] - setText(findTestObject("Login/EditText - Username"), "standard_user", 0): Text 'standard_user' has been set to element 'Object Repository/Login/EditText - Username'

2022-02-18 00:43:42 - [MESSAGE][WARNING] - Timeout '0' is invalid. Using default page load timeout: '30'

2022-02-18 00:43:44 - [MESSAGE][PASSED] - Text 'standard_user' has been set to element 'Object Repository/Login/EditText - Username'

2022-02-18 00:43:44 - [TEST_STEP][PASSED] - setText(findTestObject("Login/EditText - Password"), "secret_sauce", 0): Text 'secret_sauce' has been set to element 'Object Repository/Login/EditText - Password'

2022-02-18 00:43:44 - [MESSAGE][WARNING] - Timeout '0' is invalid. Using default page load timeout: '30'

2022-02-18 00:43:46 - [MESSAGE][PASSED] - Text 'secret_sauce' has been set to element 'Object Repository/Login/EditText - Password'

2022-02-18 00:43:46 - [TEST_STEP][PASSED] - tap(findTestObject("Login/Button - Login"), 0): Tapped on element 'Object Repository/Login/Button - Login'

2022-02-18 00:43:46 - [MESSAGE][WARNING] - Timeout '0' is invalid. Using default page load timeout: '30'

2022-02-18 00:43:48 - [MESSAGE][PASSED] - Tapped on element 'Object Repository/Login/Button - Login'

2022-02-18 00:43:48 - [MESSAGE][PASSED] - Call Test Case 'Test Cases/TC - 001 - Login' successfully

2022-02-18 00:43:48 - [TEST_STEP][PASSED] - delay(2, STOP_ON_FAILURE): Delayed 2 second(s)

2022-02-18 00:43:50 - [MESSAGE][PASSED] - Delayed 2 second(s)

2022-02-18 00:43:50 - [TEST_STEP][PASSED] - callTestCase(findTestCase("TC - 002 - Product"), ["Total":Total, "Item0":Item0, "Item1":Item1, "Item2":Item2, "Item3":Item3, "Item4":Item4, "Item5":Item5], STOP_ON_FAILURE): Call Test Case 'Test Cases/TC - 002 - Product' successfully

2022-02-18 00:43:50 - [TEST_CASE][PASSED] - Test Cases/TC - 002 - Product: Test Cases/TC - 002 - Product

2022-02-18 00:43:51 - [TEST_STEP][PASSED] - for ([i = 0, i < Total, (i++)]): Tapped on element 'Object Repository/Product/Button - BACK TO PRODUCTS'

2022-02-18 00:43:51 - [TEST_STEP][PASSED] - if (i == 0): Tapped on element 'Object Repository/Product/TextView - Products'

2022-02-18 00:43:51 - [TEST_STEP][PASSED] - scrollToText(Item0, STOP_ON_FAILURE): Scrolling to text 'Jacket' successfully

2022-02-18 00:43:56 - [MESSAGE][PASSED] - Scrolling to text 'Jacket' successfully

2022-02-18 00:43:56 - [TEST_STEP][PASSED] - tap(findTestObject("Product/TextView - Products", ["text":Item0]), 0): Tapped on element 'Object Repository/Product/TextView - Products'

2022-02-18 00:43:56 - [MESSAGE][WARNING] - Timeout '0' is invalid. Using default page load timeout: '30'

2022-02-18 00:43:57 - [MESSAGE][PASSED] - Tapped on element 'Object Repository/Product/TextView - Products'

2022-02-18 00:43:57 - [TEST_STEP][PASSED] - scrollToText("ADD TO CART", STOP_ON_FAILURE): Scrolling to text 'ADD TO CART' successfully

2022-02-18 00:44:01 - [MESSAGE][PASSED] - Scrolling to text 'ADD TO CART' successfully

2022-02-18 00:44:01 - [TEST_STEP][PASSED] - tap(findTestObject("Product/TextView - ADD TO CART"), 0): Tapped on element 'Object Repository/Product/TextView - ADD TO CART'

2022-02-18 00:44:01 - [MESSAGE][WARNING] - Timeout '0' is invalid. Using default page load timeout: '30'

2022-02-18 00:44:02 - [MESSAGE][PASSED] - Tapped on element 'Object Repository/Product/TextView - ADD TO CART'

2022-02-18 00:44:02 - [TEST_STEP][PASSED] - tap(findTestObject("Product/Button - BACK TO PRODUCTS"), 0): Tapped on element 'Object Repository/Product/Button - BACK TO PRODUCTS'

2022-02-18 00:44:02 - [MESSAGE][WARNING] - Timeout '0' is invalid. Using default page load timeout: '30'

2022-02-18 00:44:03 - [MESSAGE][PASSED] - Tapped on element 'Object Repository/Product/Button - BACK TO PRODUCTS'

2022-02-18 00:44:03 - [TEST_STEP][PASSED] - if (i == 0): null

2022-02-18 00:44:03 - [TEST_STEP][PASSED] - else if (i == 1): Tapped on element 'Object Repository/Product/TextView - Products'

2022-02-18 00:44:03 - [TEST_STEP][PASSED] - scrollToText(Item1, STOP_ON_FAILURE): Scrolling to text 'Test' successfully

2022-02-18 00:44:05 - [MESSAGE][PASSED] - Scrolling to text 'Test' successfully

2022-02-18 00:44:05 - [TEST_STEP][PASSED] - tap(findTestObject("Product/TextView - Products", ["text":Item1]), 0): Tapped on element 'Object Repository/Product/TextView - Products'

2022-02-18 00:44:05 - [MESSAGE][WARNING] - Timeout '0' is invalid. Using default page load timeout: '30'

2022-02-18 00:44:07 - [MESSAGE][PASSED] - Tapped on element 'Object Repository/Product/TextView - Products'

2022-02-18 00:44:07 - [TEST_STEP][PASSED] - scrollToText("ADD TO CART", STOP_ON_FAILURE): Scrolling to text 'ADD TO CART' successfully

2022-02-18 00:44:12 - [MESSAGE][PASSED] - Scrolling to text 'ADD TO CART' successfully

2022-02-18 00:44:12 - [TEST_STEP][PASSED] - tap(findTestObject("Product/TextView - ADD TO CART"), 0): Tapped on element 'Object Repository/Product/TextView - ADD TO CART'

2022-02-18 00:44:12 - [MESSAGE][WARNING] - Timeout '0' is invalid. Using default page load timeout: '30'

2022-02-18 00:44:13 - [MESSAGE][PASSED] - Tapped on element 'Object Repository/Product/TextView - ADD TO CART'

2022-02-18 00:44:13 - [TEST_STEP][PASSED] - tap(findTestObject("Product/Button - BACK TO PRODUCTS"), 0): Tapped on element 'Object Repository/Product/Button - BACK TO PRODUCTS'

2022-02-18 00:44:13 - [MESSAGE][WARNING] - Timeout '0' is invalid. Using default page load timeout: '30'

2022-02-18 00:44:14 - [MESSAGE][PASSED] - Tapped on element 'Object Repository/Product/Button - BACK TO PRODUCTS'

2022-02-18 00:44:14 - [TEST_STEP][PASSED] - tap(findTestObject("Product/Image - Cart"), 0): Tapped on element 'Object Repository/Product/Image - Cart'

2022-02-18 00:44:14 - [MESSAGE][WARNING] - Timeout '0' is invalid. Using default page load timeout: '30'

2022-02-18 00:44:17 - [MESSAGE][PASSED] - Tapped on element 'Object Repository/Product/Image - Cart'

2022-02-18 00:44:17 - [TEST_STEP][PASSED] - scrollToText("CHECKOUT", STOP_ON_FAILURE): Scrolling to text 'CHECKOUT' successfully

2022-02-18 00:44:21 - [MESSAGE][PASSED] - Scrolling to text 'CHECKOUT' successfully

2022-02-18 00:44:21 - [TEST_STEP][PASSED] - tap(findTestObject("Product/TextView - CHECKOUT"), 0): Tapped on element 'Object Repository/Product/TextView - CHECKOUT'

2022-02-18 00:44:21 - [MESSAGE][WARNING] - Timeout '0' is invalid. Using default page load timeout: '30'

2022-02-18 00:44:22 - [MESSAGE][PASSED] - Tapped on element 'Object Repository/Product/TextView - CHECKOUT'

2022-02-18 00:44:22 - [MESSAGE][PASSED] - Call Test Case 'Test Cases/TC - 002 - Product' successfully

2022-02-18 00:44:22 - [TEST_STEP][PASSED] - callTestCase(findTestCase("TC - 003 - Checkout"), ["FirstName":FirstName, "LastName":LastName, "Pos":Pos], STOP_ON_FAILURE): Call Test Case 'Test Cases/TC - 003 - Checkout' successfully

2022-02-18 00:44:22 - [TEST_CASE][PASSED] - Test Cases/TC - 003 - Checkout: Test Cases/TC - 003 - Checkout

2022-02-18 00:44:23 - [TEST_STEP][PASSED] - setText(findTestObject("Checkout/EditText - First Name"), FirstName, 0): Text 'Mu' has been set to element 'Object Repository/Checkout/EditText - First Name'

2022-02-18 00:44:23 - [MESSAGE][WARNING] - Timeout '0' is invalid. Using default page load timeout: '30'

2022-02-18 00:44:24 - [MESSAGE][PASSED] - Text 'Mu' has been set to element 'Object Repository/Checkout/EditText - First Name'

2022-02-18 00:44:24 - [TEST_STEP][PASSED] - setText(findTestObject("Checkout/EditText - Last Name"), LastName, 0): Text 'Ri' has been set to element 'Object Repository/Checkout/EditText - Last Name'

2022-02-18 00:44:24 - [MESSAGE][WARNING] - Timeout '0' is invalid. Using default page load timeout: '30'

2022-02-18 00:44:26 - [MESSAGE][PASSED] - Text 'Ri' has been set to element 'Object Repository/Checkout/EditText - Last Name'

2022-02-18 00:44:26 - [TEST_STEP][PASSED] - setText(findTestObject("Checkout/EditText - ZipPostal Code"), Pos, 0): Text '1234' has been set to element 'Object Repository/Checkout/EditText - ZipPostal Code'

2022-02-18 00:44:26 - [MESSAGE][WARNING] - Timeout '0' is invalid. Using default page load timeout: '30'

2022-02-18 00:44:28 - [MESSAGE][PASSED] - Text '1234' has been set to element 'Object Repository/Checkout/EditText - ZipPostal Code'

2022-02-18 00:44:28 - [TEST_STEP][PASSED] - tap(findTestObject("Checkout/Button - CONTINUE"), 0): Tapped on element 'Object Repository/Checkout/Button - CONTINUE'

2022-02-18 00:44:28 - [MESSAGE][WARNING] - Timeout '0' is invalid. Using default page load timeout: '30'

2022-02-18 00:44:29 - [MESSAGE][PASSED] - Tapped on element 'Object Repository/Checkout/Button - CONTINUE'

2022-02-18 00:44:29 - [TEST_STEP][PASSED] - scrollToText("FINISH", STOP_ON_FAILURE): Scrolling to text 'FINISH' successfully

2022-02-18 00:44:36 - [MESSAGE][PASSED] - Scrolling to text 'FINISH' successfully

2022-02-18 00:44:36 - [TEST_STEP][PASSED] - tap(findTestObject("Checkout/Button - FINISH"), 0): Tapped on element 'Object Repository/Checkout/Button - FINISH'

2022-02-18 00:44:36 - [MESSAGE][WARNING] - Timeout '0' is invalid. Using default page load timeout: '30'

2022-02-18 00:44:37 - [MESSAGE][PASSED] - Tapped on element 'Object Repository/Checkout/Button - FINISH'

2022-02-18 00:44:37 - [MESSAGE][PASSED] - Call Test Case 'Test Cases/TC - 003 - Checkout' successfully

2022-02-18 00:44:37 - [TEST_STEP][PASSED] - delay(5, STOP_ON_FAILURE): Delayed 5 second(s)

2022-02-18 00:44:42 - [MESSAGE][PASSED] - Delayed 5 second(s)

2022-02-18 00:44:42 - [TEST_STEP][PASSED] - closeApplication(): Close app successfully

2022-02-18 00:44:43 - [MESSAGE][PASSED] - Close app successfully]]></system-out>
         <system-err><![CDATA[]]></system-err>
      </testcase>
      <testcase name="Test Cases/TC - 000 - Swag Labs Master" time="91.861" classname="Test Cases/TC - 000 - Swag Labs Master" status="PASSED">
         <system-out><![CDATA[2022-02-18 00:44:43 - [TEST_CASE][PASSED] - Test Cases/TC - 000 - Swag Labs Master: Test Cases/TC - 000 - Swag Labs Master

2022-02-18 00:44:43 - [TEST_STEP][PASSED] - startApplication("C:\Users\Lenovo\Katalon Studio\Sauce Labs Mobile Test\Android.SauceLabs.Mobile.Sample.app.2.7.1.apk", false): Started app at: 'C:\Users\Lenovo\Katalon Studio\Sauce Labs Mobile Test\Android.SauceLabs.Mobile.Sample.app.2.7.1.apk'

2022-02-18 00:44:43 - [MESSAGE][INFO] - User set preference: ['appWaitActivity', '*']

2022-02-18 00:44:43 - [MESSAGE][INFO] - User set preference: ['deviceId', '4a90dd0d']

2022-02-18 00:44:47 - [MESSAGE][INFO] - Appium server started on port 62,341

2022-02-18 00:45:03 - [MESSAGE][INFO] - Failed to get Android statusbar's information.

2022-02-18 00:45:03 - [MESSAGE][PASSED] - Started app at: 'C:\Users\Lenovo\Katalon Studio\Sauce Labs Mobile Test\Android.SauceLabs.Mobile.Sample.app.2.7.1.apk'

2022-02-18 00:45:03 - [TEST_STEP][PASSED] - callTestCase(findTestCase("TC - 001 - Login"), [:], STOP_ON_FAILURE): Call Test Case 'Test Cases/TC - 001 - Login' successfully

2022-02-18 00:45:03 - [TEST_CASE][PASSED] - Test Cases/TC - 001 - Login: Test Cases/TC - 001 - Login

2022-02-18 00:45:03 - [TEST_STEP][PASSED] - setText(findTestObject("Login/EditText - Username"), "standard_user", 0): Text 'standard_user' has been set to element 'Object Repository/Login/EditText - Username'

2022-02-18 00:45:03 - [MESSAGE][WARNING] - Timeout '0' is invalid. Using default page load timeout: '30'

2022-02-18 00:45:04 - [MESSAGE][PASSED] - Text 'standard_user' has been set to element 'Object Repository/Login/EditText - Username'

2022-02-18 00:45:04 - [TEST_STEP][PASSED] - setText(findTestObject("Login/EditText - Password"), "secret_sauce", 0): Text 'secret_sauce' has been set to element 'Object Repository/Login/EditText - Password'

2022-02-18 00:45:04 - [MESSAGE][WARNING] - Timeout '0' is invalid. Using default page load timeout: '30'

2022-02-18 00:45:06 - [MESSAGE][PASSED] - Text 'secret_sauce' has been set to element 'Object Repository/Login/EditText - Password'

2022-02-18 00:45:06 - [TEST_STEP][PASSED] - tap(findTestObject("Login/Button - Login"), 0): Tapped on element 'Object Repository/Login/Button - Login'

2022-02-18 00:45:06 - [MESSAGE][WARNING] - Timeout '0' is invalid. Using default page load timeout: '30'

2022-02-18 00:45:07 - [MESSAGE][PASSED] - Tapped on element 'Object Repository/Login/Button - Login'

2022-02-18 00:45:07 - [MESSAGE][PASSED] - Call Test Case 'Test Cases/TC - 001 - Login' successfully

2022-02-18 00:45:07 - [TEST_STEP][PASSED] - delay(2, STOP_ON_FAILURE): Delayed 2 second(s)

2022-02-18 00:45:09 - [MESSAGE][PASSED] - Delayed 2 second(s)

2022-02-18 00:45:09 - [TEST_STEP][PASSED] - callTestCase(findTestCase("TC - 002 - Product"), ["Total":Total, "Item0":Item0, "Item1":Item1, "Item2":Item2, "Item3":Item3, "Item4":Item4, "Item5":Item5], STOP_ON_FAILURE): Call Test Case 'Test Cases/TC - 002 - Product' successfully

2022-02-18 00:45:09 - [TEST_CASE][PASSED] - Test Cases/TC - 002 - Product: Test Cases/TC - 002 - Product

2022-02-18 00:45:09 - [TEST_STEP][PASSED] - for ([i = 0, i < Total, (i++)]): Tapped on element 'Object Repository/Product/Button - BACK TO PRODUCTS'

2022-02-18 00:45:09 - [TEST_STEP][PASSED] - if (i == 0): Tapped on element 'Object Repository/Product/TextView - Products'

2022-02-18 00:45:09 - [TEST_STEP][PASSED] - scrollToText(Item0, STOP_ON_FAILURE): Scrolling to text 'Backpack' successfully

2022-02-18 00:45:11 - [MESSAGE][PASSED] - Scrolling to text 'Backpack' successfully

2022-02-18 00:45:11 - [TEST_STEP][PASSED] - tap(findTestObject("Product/TextView - Products", ["text":Item0]), 0): Tapped on element 'Object Repository/Product/TextView - Products'

2022-02-18 00:45:11 - [MESSAGE][WARNING] - Timeout '0' is invalid. Using default page load timeout: '30'

2022-02-18 00:45:14 - [MESSAGE][PASSED] - Tapped on element 'Object Repository/Product/TextView - Products'

2022-02-18 00:45:14 - [TEST_STEP][PASSED] - scrollToText("ADD TO CART", STOP_ON_FAILURE): Scrolling to text 'ADD TO CART' successfully

2022-02-18 00:45:18 - [MESSAGE][PASSED] - Scrolling to text 'ADD TO CART' successfully

2022-02-18 00:45:18 - [TEST_STEP][PASSED] - tap(findTestObject("Product/TextView - ADD TO CART"), 0): Tapped on element 'Object Repository/Product/TextView - ADD TO CART'

2022-02-18 00:45:18 - [MESSAGE][WARNING] - Timeout '0' is invalid. Using default page load timeout: '30'

2022-02-18 00:45:19 - [MESSAGE][PASSED] - Tapped on element 'Object Repository/Product/TextView - ADD TO CART'

2022-02-18 00:45:19 - [TEST_STEP][PASSED] - tap(findTestObject("Product/Button - BACK TO PRODUCTS"), 0): Tapped on element 'Object Repository/Product/Button - BACK TO PRODUCTS'

2022-02-18 00:45:19 - [MESSAGE][WARNING] - Timeout '0' is invalid. Using default page load timeout: '30'

2022-02-18 00:45:21 - [MESSAGE][PASSED] - Tapped on element 'Object Repository/Product/Button - BACK TO PRODUCTS'

2022-02-18 00:45:21 - [TEST_STEP][PASSED] - if (i == 0): null

2022-02-18 00:45:21 - [TEST_STEP][PASSED] - else if (i == 1): Tapped on element 'Object Repository/Product/TextView - Products'

2022-02-18 00:45:21 - [TEST_STEP][PASSED] - scrollToText(Item1, STOP_ON_FAILURE): Scrolling to text 'Onesie' successfully

2022-02-18 00:45:25 - [MESSAGE][PASSED] - Scrolling to text 'Onesie' successfully

2022-02-18 00:45:25 - [TEST_STEP][PASSED] - tap(findTestObject("Product/TextView - Products", ["text":Item1]), 0): Tapped on element 'Object Repository/Product/TextView - Products'

2022-02-18 00:45:26 - [MESSAGE][WARNING] - Timeout '0' is invalid. Using default page load timeout: '30'

2022-02-18 00:45:26 - [MESSAGE][PASSED] - Tapped on element 'Object Repository/Product/TextView - Products'

2022-02-18 00:45:26 - [TEST_STEP][PASSED] - scrollToText("ADD TO CART", STOP_ON_FAILURE): Scrolling to text 'ADD TO CART' successfully

2022-02-18 00:45:31 - [MESSAGE][PASSED] - Scrolling to text 'ADD TO CART' successfully

2022-02-18 00:45:31 - [TEST_STEP][PASSED] - tap(findTestObject("Product/TextView - ADD TO CART"), 0): Tapped on element 'Object Repository/Product/TextView - ADD TO CART'

2022-02-18 00:45:31 - [MESSAGE][WARNING] - Timeout '0' is invalid. Using default page load timeout: '30'

2022-02-18 00:45:32 - [MESSAGE][PASSED] - Tapped on element 'Object Repository/Product/TextView - ADD TO CART'

2022-02-18 00:45:32 - [TEST_STEP][PASSED] - tap(findTestObject("Product/Button - BACK TO PRODUCTS"), 0): Tapped on element 'Object Repository/Product/Button - BACK TO PRODUCTS'

2022-02-18 00:45:32 - [MESSAGE][WARNING] - Timeout '0' is invalid. Using default page load timeout: '30'

2022-02-18 00:45:33 - [MESSAGE][PASSED] - Tapped on element 'Object Repository/Product/Button - BACK TO PRODUCTS'

2022-02-18 00:45:33 - [TEST_STEP][PASSED] - if (i == 0): null

2022-02-18 00:45:33 - [TEST_STEP][PASSED] - else if (i == 1): null

2022-02-18 00:45:33 - [TEST_STEP][PASSED] - else if (i == 2): Tapped on element 'Object Repository/Product/TextView - Products'

2022-02-18 00:45:33 - [TEST_STEP][PASSED] - scrollToText(Item2, STOP_ON_FAILURE): Scrolling to text 'Bolt' successfully

2022-02-18 00:45:34 - [MESSAGE][PASSED] - Scrolling to text 'Bolt' successfully

2022-02-18 00:45:34 - [TEST_STEP][PASSED] - tap(findTestObject("Product/TextView - Products", ["text":Item2]), 0): Tapped on element 'Object Repository/Product/TextView - Products'

2022-02-18 00:45:35 - [MESSAGE][WARNING] - Timeout '0' is invalid. Using default page load timeout: '30'

2022-02-18 00:45:35 - [MESSAGE][PASSED] - Tapped on element 'Object Repository/Product/TextView - Products'

2022-02-18 00:45:35 - [TEST_STEP][PASSED] - scrollToText("ADD TO CART", STOP_ON_FAILURE): Scrolling to text 'ADD TO CART' successfully

2022-02-18 00:45:41 - [MESSAGE][PASSED] - Scrolling to text 'ADD TO CART' successfully

2022-02-18 00:45:41 - [TEST_STEP][PASSED] - tap(findTestObject("Product/TextView - ADD TO CART"), 0): Tapped on element 'Object Repository/Product/TextView - ADD TO CART'

2022-02-18 00:45:41 - [MESSAGE][WARNING] - Timeout '0' is invalid. Using default page load timeout: '30'

2022-02-18 00:45:41 - [MESSAGE][PASSED] - Tapped on element 'Object Repository/Product/TextView - ADD TO CART'

2022-02-18 00:45:41 - [TEST_STEP][PASSED] - tap(findTestObject("Product/Button - BACK TO PRODUCTS"), 0): Tapped on element 'Object Repository/Product/Button - BACK TO PRODUCTS'

2022-02-18 00:45:41 - [MESSAGE][WARNING] - Timeout '0' is invalid. Using default page load timeout: '30'

2022-02-18 00:45:43 - [MESSAGE][PASSED] - Tapped on element 'Object Repository/Product/Button - BACK TO PRODUCTS'

2022-02-18 00:45:43 - [TEST_STEP][PASSED] - tap(findTestObject("Product/Image - Cart"), 0): Tapped on element 'Object Repository/Product/Image - Cart'

2022-02-18 00:45:43 - [MESSAGE][WARNING] - Timeout '0' is invalid. Using default page load timeout: '30'

2022-02-18 00:45:45 - [MESSAGE][PASSED] - Tapped on element 'Object Repository/Product/Image - Cart'

2022-02-18 00:45:45 - [TEST_STEP][PASSED] - scrollToText("CHECKOUT", STOP_ON_FAILURE): Scrolling to text 'CHECKOUT' successfully

2022-02-18 00:45:53 - [MESSAGE][PASSED] - Scrolling to text 'CHECKOUT' successfully

2022-02-18 00:45:53 - [TEST_STEP][PASSED] - tap(findTestObject("Product/TextView - CHECKOUT"), 0): Tapped on element 'Object Repository/Product/TextView - CHECKOUT'

2022-02-18 00:45:53 - [MESSAGE][WARNING] - Timeout '0' is invalid. Using default page load timeout: '30'

2022-02-18 00:45:55 - [MESSAGE][PASSED] - Tapped on element 'Object Repository/Product/TextView - CHECKOUT'

2022-02-18 00:45:55 - [MESSAGE][PASSED] - Call Test Case 'Test Cases/TC - 002 - Product' successfully

2022-02-18 00:45:55 - [TEST_STEP][PASSED] - callTestCase(findTestCase("TC - 003 - Checkout"), ["FirstName":FirstName, "LastName":LastName, "Pos":Pos], STOP_ON_FAILURE): Call Test Case 'Test Cases/TC - 003 - Checkout' successfully

2022-02-18 00:45:55 - [TEST_CASE][PASSED] - Test Cases/TC - 003 - Checkout: Test Cases/TC - 003 - Checkout

2022-02-18 00:45:55 - [TEST_STEP][PASSED] - setText(findTestObject("Checkout/EditText - First Name"), FirstName, 0): Text 'Do' has been set to element 'Object Repository/Checkout/EditText - First Name'

2022-02-18 00:45:55 - [MESSAGE][WARNING] - Timeout '0' is invalid. Using default page load timeout: '30'

2022-02-18 00:45:57 - [MESSAGE][PASSED] - Text 'Do' has been set to element 'Object Repository/Checkout/EditText - First Name'

2022-02-18 00:45:57 - [TEST_STEP][PASSED] - setText(findTestObject("Checkout/EditText - Last Name"), LastName, 0): Text 'Ni' has been set to element 'Object Repository/Checkout/EditText - Last Name'

2022-02-18 00:45:57 - [MESSAGE][WARNING] - Timeout '0' is invalid. Using default page load timeout: '30'

2022-02-18 00:45:58 - [MESSAGE][PASSED] - Text 'Ni' has been set to element 'Object Repository/Checkout/EditText - Last Name'

2022-02-18 00:45:58 - [TEST_STEP][PASSED] - setText(findTestObject("Checkout/EditText - ZipPostal Code"), Pos, 0): Text '3214' has been set to element 'Object Repository/Checkout/EditText - ZipPostal Code'

2022-02-18 00:45:58 - [MESSAGE][WARNING] - Timeout '0' is invalid. Using default page load timeout: '30'

2022-02-18 00:46:00 - [MESSAGE][PASSED] - Text '3214' has been set to element 'Object Repository/Checkout/EditText - ZipPostal Code'

2022-02-18 00:46:00 - [TEST_STEP][PASSED] - tap(findTestObject("Checkout/Button - CONTINUE"), 0): Tapped on element 'Object Repository/Checkout/Button - CONTINUE'

2022-02-18 00:46:01 - [MESSAGE][WARNING] - Timeout '0' is invalid. Using default page load timeout: '30'

2022-02-18 00:46:01 - [MESSAGE][PASSED] - Tapped on element 'Object Repository/Checkout/Button - CONTINUE'

2022-02-18 00:46:01 - [TEST_STEP][PASSED] - scrollToText("FINISH", STOP_ON_FAILURE): Scrolling to text 'FINISH' successfully

2022-02-18 00:46:09 - [MESSAGE][PASSED] - Scrolling to text 'FINISH' successfully

2022-02-18 00:46:09 - [TEST_STEP][PASSED] - tap(findTestObject("Checkout/Button - FINISH"), 0): Tapped on element 'Object Repository/Checkout/Button - FINISH'

2022-02-18 00:46:09 - [MESSAGE][WARNING] - Timeout '0' is invalid. Using default page load timeout: '30'

2022-02-18 00:46:09 - [MESSAGE][PASSED] - Tapped on element 'Object Repository/Checkout/Button - FINISH'

2022-02-18 00:46:09 - [MESSAGE][PASSED] - Call Test Case 'Test Cases/TC - 003 - Checkout' successfully

2022-02-18 00:46:09 - [TEST_STEP][PASSED] - delay(5, STOP_ON_FAILURE): Delayed 5 second(s)

2022-02-18 00:46:14 - [MESSAGE][PASSED] - Delayed 5 second(s)

2022-02-18 00:46:14 - [TEST_STEP][PASSED] - closeApplication(): Close app successfully

2022-02-18 00:46:15 - [MESSAGE][PASSED] - Close app successfully]]></system-out>
         <system-err><![CDATA[]]></system-err>
      </testcase>
      <testcase name="Test Cases/TC - 000 - Swag Labs Master" time="137.822" classname="Test Cases/TC - 000 - Swag Labs Master" status="PASSED">
         <system-out><![CDATA[2022-02-18 00:46:15 - [TEST_CASE][PASSED] - Test Cases/TC - 000 - Swag Labs Master: Test Cases/TC - 000 - Swag Labs Master

2022-02-18 00:46:15 - [TEST_STEP][PASSED] - startApplication("C:\Users\Lenovo\Katalon Studio\Sauce Labs Mobile Test\Android.SauceLabs.Mobile.Sample.app.2.7.1.apk", false): Started app at: 'C:\Users\Lenovo\Katalon Studio\Sauce Labs Mobile Test\Android.SauceLabs.Mobile.Sample.app.2.7.1.apk'

2022-02-18 00:46:15 - [MESSAGE][INFO] - User set preference: ['appWaitActivity', '*']

2022-02-18 00:46:15 - [MESSAGE][INFO] - User set preference: ['deviceId', '4a90dd0d']

2022-02-18 00:46:19 - [MESSAGE][INFO] - Appium server started on port 62,712

2022-02-18 00:46:35 - [MESSAGE][INFO] - Failed to get Android statusbar's information.

2022-02-18 00:46:35 - [MESSAGE][PASSED] - Started app at: 'C:\Users\Lenovo\Katalon Studio\Sauce Labs Mobile Test\Android.SauceLabs.Mobile.Sample.app.2.7.1.apk'

2022-02-18 00:46:35 - [TEST_STEP][PASSED] - callTestCase(findTestCase("TC - 001 - Login"), [:], STOP_ON_FAILURE): Call Test Case 'Test Cases/TC - 001 - Login' successfully

2022-02-18 00:46:35 - [TEST_CASE][PASSED] - Test Cases/TC - 001 - Login: Test Cases/TC - 001 - Login

2022-02-18 00:46:35 - [TEST_STEP][PASSED] - setText(findTestObject("Login/EditText - Username"), "standard_user", 0): Text 'standard_user' has been set to element 'Object Repository/Login/EditText - Username'

2022-02-18 00:46:35 - [MESSAGE][WARNING] - Timeout '0' is invalid. Using default page load timeout: '30'

2022-02-18 00:46:37 - [MESSAGE][PASSED] - Text 'standard_user' has been set to element 'Object Repository/Login/EditText - Username'

2022-02-18 00:46:37 - [TEST_STEP][PASSED] - setText(findTestObject("Login/EditText - Password"), "secret_sauce", 0): Text 'secret_sauce' has been set to element 'Object Repository/Login/EditText - Password'

2022-02-18 00:46:37 - [MESSAGE][WARNING] - Timeout '0' is invalid. Using default page load timeout: '30'

2022-02-18 00:46:39 - [MESSAGE][PASSED] - Text 'secret_sauce' has been set to element 'Object Repository/Login/EditText - Password'

2022-02-18 00:46:39 - [TEST_STEP][PASSED] - tap(findTestObject("Login/Button - Login"), 0): Tapped on element 'Object Repository/Login/Button - Login'

2022-02-18 00:46:39 - [MESSAGE][WARNING] - Timeout '0' is invalid. Using default page load timeout: '30'

2022-02-18 00:46:40 - [MESSAGE][PASSED] - Tapped on element 'Object Repository/Login/Button - Login'

2022-02-18 00:46:40 - [MESSAGE][PASSED] - Call Test Case 'Test Cases/TC - 001 - Login' successfully

2022-02-18 00:46:40 - [TEST_STEP][PASSED] - delay(2, STOP_ON_FAILURE): Delayed 2 second(s)

2022-02-18 00:46:42 - [MESSAGE][PASSED] - Delayed 2 second(s)

2022-02-18 00:46:42 - [TEST_STEP][PASSED] - callTestCase(findTestCase("TC - 002 - Product"), ["Total":Total, "Item0":Item0, "Item1":Item1, "Item2":Item2, "Item3":Item3, "Item4":Item4, "Item5":Item5], STOP_ON_FAILURE): Call Test Case 'Test Cases/TC - 002 - Product' successfully

2022-02-18 00:46:42 - [TEST_CASE][PASSED] - Test Cases/TC - 002 - Product: Test Cases/TC - 002 - Product

2022-02-18 00:46:42 - [TEST_STEP][PASSED] - for ([i = 0, i < Total, (i++)]): Tapped on element 'Object Repository/Product/Button - BACK TO PRODUCTS'

2022-02-18 00:46:42 - [TEST_STEP][PASSED] - if (i == 0): Tapped on element 'Object Repository/Product/TextView - Products'

2022-02-18 00:46:42 - [TEST_STEP][PASSED] - scrollToText(Item0, STOP_ON_FAILURE): Scrolling to text 'Light' successfully

2022-02-18 00:46:43 - [MESSAGE][PASSED] - Scrolling to text 'Light' successfully

2022-02-18 00:46:43 - [TEST_STEP][PASSED] - tap(findTestObject("Product/TextView - Products", ["text":Item0]), 0): Tapped on element 'Object Repository/Product/TextView - Products'

2022-02-18 00:46:43 - [MESSAGE][WARNING] - Timeout '0' is invalid. Using default page load timeout: '30'

2022-02-18 00:46:45 - [MESSAGE][PASSED] - Tapped on element 'Object Repository/Product/TextView - Products'

2022-02-18 00:46:45 - [TEST_STEP][PASSED] - scrollToText("ADD TO CART", STOP_ON_FAILURE): Scrolling to text 'ADD TO CART' successfully

2022-02-18 00:46:51 - [MESSAGE][PASSED] - Scrolling to text 'ADD TO CART' successfully

2022-02-18 00:46:51 - [TEST_STEP][PASSED] - tap(findTestObject("Product/TextView - ADD TO CART"), 0): Tapped on element 'Object Repository/Product/TextView - ADD TO CART'

2022-02-18 00:46:51 - [MESSAGE][WARNING] - Timeout '0' is invalid. Using default page load timeout: '30'

2022-02-18 00:46:51 - [MESSAGE][PASSED] - Tapped on element 'Object Repository/Product/TextView - ADD TO CART'

2022-02-18 00:46:51 - [TEST_STEP][PASSED] - tap(findTestObject("Product/Button - BACK TO PRODUCTS"), 0): Tapped on element 'Object Repository/Product/Button - BACK TO PRODUCTS'

2022-02-18 00:46:51 - [MESSAGE][WARNING] - Timeout '0' is invalid. Using default page load timeout: '30'

2022-02-18 00:46:53 - [MESSAGE][PASSED] - Tapped on element 'Object Repository/Product/Button - BACK TO PRODUCTS'

2022-02-18 00:46:53 - [TEST_STEP][PASSED] - if (i == 0): null

2022-02-18 00:46:53 - [TEST_STEP][PASSED] - else if (i == 1): Tapped on element 'Object Repository/Product/TextView - Products'

2022-02-18 00:46:53 - [TEST_STEP][PASSED] - scrollToText(Item1, STOP_ON_FAILURE): Scrolling to text 'Bolt' successfully

2022-02-18 00:46:58 - [MESSAGE][PASSED] - Scrolling to text 'Bolt' successfully

2022-02-18 00:46:58 - [TEST_STEP][PASSED] - tap(findTestObject("Product/TextView - Products", ["text":Item1]), 0): Tapped on element 'Object Repository/Product/TextView - Products'

2022-02-18 00:46:58 - [MESSAGE][WARNING] - Timeout '0' is invalid. Using default page load timeout: '30'

2022-02-18 00:46:59 - [MESSAGE][PASSED] - Tapped on element 'Object Repository/Product/TextView - Products'

2022-02-18 00:46:59 - [TEST_STEP][PASSED] - scrollToText("ADD TO CART", STOP_ON_FAILURE): Scrolling to text 'ADD TO CART' successfully

2022-02-18 00:47:04 - [MESSAGE][PASSED] - Scrolling to text 'ADD TO CART' successfully

2022-02-18 00:47:04 - [TEST_STEP][PASSED] - tap(findTestObject("Product/TextView - ADD TO CART"), 0): Tapped on element 'Object Repository/Product/TextView - ADD TO CART'

2022-02-18 00:47:04 - [MESSAGE][WARNING] - Timeout '0' is invalid. Using default page load timeout: '30'

2022-02-18 00:47:05 - [MESSAGE][PASSED] - Tapped on element 'Object Repository/Product/TextView - ADD TO CART'

2022-02-18 00:47:05 - [TEST_STEP][PASSED] - tap(findTestObject("Product/Button - BACK TO PRODUCTS"), 0): Tapped on element 'Object Repository/Product/Button - BACK TO PRODUCTS'

2022-02-18 00:47:05 - [MESSAGE][WARNING] - Timeout '0' is invalid. Using default page load timeout: '30'

2022-02-18 00:47:06 - [MESSAGE][PASSED] - Tapped on element 'Object Repository/Product/Button - BACK TO PRODUCTS'

2022-02-18 00:47:06 - [TEST_STEP][PASSED] - if (i == 0): null

2022-02-18 00:47:06 - [TEST_STEP][PASSED] - else if (i == 1): null

2022-02-18 00:47:06 - [TEST_STEP][PASSED] - else if (i == 2): Tapped on element 'Object Repository/Product/TextView - Products'

2022-02-18 00:47:06 - [TEST_STEP][PASSED] - scrollToText(Item2, STOP_ON_FAILURE): Scrolling to text 'Red' successfully

2022-02-18 00:47:07 - [MESSAGE][PASSED] - Scrolling to text 'Red' successfully

2022-02-18 00:47:07 - [TEST_STEP][PASSED] - tap(findTestObject("Product/TextView - Products", ["text":Item2]), 0): Tapped on element 'Object Repository/Product/TextView - Products'

2022-02-18 00:47:07 - [MESSAGE][WARNING] - Timeout '0' is invalid. Using default page load timeout: '30'

2022-02-18 00:47:08 - [MESSAGE][PASSED] - Tapped on element 'Object Repository/Product/TextView - Products'

2022-02-18 00:47:08 - [TEST_STEP][PASSED] - scrollToText("ADD TO CART", STOP_ON_FAILURE): Scrolling to text 'ADD TO CART' successfully

2022-02-18 00:47:13 - [MESSAGE][PASSED] - Scrolling to text 'ADD TO CART' successfully

2022-02-18 00:47:13 - [TEST_STEP][PASSED] - tap(findTestObject("Product/TextView - ADD TO CART"), 0): Tapped on element 'Object Repository/Product/TextView - ADD TO CART'

2022-02-18 00:47:13 - [MESSAGE][WARNING] - Timeout '0' is invalid. Using default page load timeout: '30'

2022-02-18 00:47:14 - [MESSAGE][PASSED] - Tapped on element 'Object Repository/Product/TextView - ADD TO CART'

2022-02-18 00:47:14 - [TEST_STEP][PASSED] - tap(findTestObject("Product/Button - BACK TO PRODUCTS"), 0): Tapped on element 'Object Repository/Product/Button - BACK TO PRODUCTS'

2022-02-18 00:47:14 - [MESSAGE][WARNING] - Timeout '0' is invalid. Using default page load timeout: '30'

2022-02-18 00:47:17 - [MESSAGE][PASSED] - Tapped on element 'Object Repository/Product/Button - BACK TO PRODUCTS'

2022-02-18 00:47:17 - [TEST_STEP][PASSED] - if (i == 0): null

2022-02-18 00:47:17 - [TEST_STEP][PASSED] - else if (i == 1): null

2022-02-18 00:47:17 - [TEST_STEP][PASSED] - else if (i == 2): null

2022-02-18 00:47:17 - [TEST_STEP][PASSED] - else if (i == 3): Tapped on element 'Object Repository/Product/TextView - Products'

2022-02-18 00:47:17 - [TEST_STEP][PASSED] - scrollToText(Item3, STOP_ON_FAILURE): Scrolling to text 'Jacket' successfully

2022-02-18 00:47:18 - [MESSAGE][PASSED] - Scrolling to text 'Jacket' successfully

2022-02-18 00:47:18 - [TEST_STEP][PASSED] - tap(findTestObject("Product/TextView - Products", ["text":Item3]), 0): Tapped on element 'Object Repository/Product/TextView - Products'

2022-02-18 00:47:18 - [MESSAGE][WARNING] - Timeout '0' is invalid. Using default page load timeout: '30'

2022-02-18 00:47:19 - [MESSAGE][PASSED] - Tapped on element 'Object Repository/Product/TextView - Products'

2022-02-18 00:47:19 - [TEST_STEP][PASSED] - scrollToText("ADD TO CART", STOP_ON_FAILURE): Scrolling to text 'ADD TO CART' successfully

2022-02-18 00:47:25 - [MESSAGE][PASSED] - Scrolling to text 'ADD TO CART' successfully

2022-02-18 00:47:25 - [TEST_STEP][PASSED] - tap(findTestObject("Product/TextView - ADD TO CART"), 0): Tapped on element 'Object Repository/Product/TextView - ADD TO CART'

2022-02-18 00:47:25 - [MESSAGE][WARNING] - Timeout '0' is invalid. Using default page load timeout: '30'

2022-02-18 00:47:26 - [MESSAGE][PASSED] - Tapped on element 'Object Repository/Product/TextView - ADD TO CART'

2022-02-18 00:47:26 - [TEST_STEP][PASSED] - tap(findTestObject("Product/Button - BACK TO PRODUCTS"), 0): Tapped on element 'Object Repository/Product/Button - BACK TO PRODUCTS'

2022-02-18 00:47:26 - [MESSAGE][WARNING] - Timeout '0' is invalid. Using default page load timeout: '30'

2022-02-18 00:47:27 - [MESSAGE][PASSED] - Tapped on element 'Object Repository/Product/Button - BACK TO PRODUCTS'

2022-02-18 00:47:27 - [TEST_STEP][PASSED] - if (i == 0): null

2022-02-18 00:47:27 - [TEST_STEP][PASSED] - else if (i == 1): null

2022-02-18 00:47:27 - [TEST_STEP][PASSED] - else if (i == 2): null

2022-02-18 00:47:27 - [TEST_STEP][PASSED] - else if (i == 3): null

2022-02-18 00:47:27 - [TEST_STEP][PASSED] - else if (i == 4): Tapped on element 'Object Repository/Product/TextView - Products'

2022-02-18 00:47:27 - [TEST_STEP][PASSED] - scrollToText(Item4, STOP_ON_FAILURE): Scrolling to text 'Backpack' successfully

2022-02-18 00:47:32 - [MESSAGE][PASSED] - Scrolling to text 'Backpack' successfully

2022-02-18 00:47:32 - [TEST_STEP][PASSED] - tap(findTestObject("Product/TextView - Products", ["text":Item4]), 0): Tapped on element 'Object Repository/Product/TextView - Products'

2022-02-18 00:47:32 - [MESSAGE][WARNING] - Timeout '0' is invalid. Using default page load timeout: '30'

2022-02-18 00:47:34 - [MESSAGE][PASSED] - Tapped on element 'Object Repository/Product/TextView - Products'

2022-02-18 00:47:34 - [TEST_STEP][PASSED] - scrollToText("ADD TO CART", STOP_ON_FAILURE): Scrolling to text 'ADD TO CART' successfully

2022-02-18 00:47:39 - [MESSAGE][PASSED] - Scrolling to text 'ADD TO CART' successfully

2022-02-18 00:47:39 - [TEST_STEP][PASSED] - tap(findTestObject("Product/TextView - ADD TO CART"), 0): Tapped on element 'Object Repository/Product/TextView - ADD TO CART'

2022-02-18 00:47:39 - [MESSAGE][WARNING] - Timeout '0' is invalid. Using default page load timeout: '30'

2022-02-18 00:47:40 - [MESSAGE][PASSED] - Tapped on element 'Object Repository/Product/TextView - ADD TO CART'

2022-02-18 00:47:40 - [TEST_STEP][PASSED] - tap(findTestObject("Product/Button - BACK TO PRODUCTS"), 0): Tapped on element 'Object Repository/Product/Button - BACK TO PRODUCTS'

2022-02-18 00:47:40 - [MESSAGE][WARNING] - Timeout '0' is invalid. Using default page load timeout: '30'

2022-02-18 00:47:41 - [MESSAGE][PASSED] - Tapped on element 'Object Repository/Product/Button - BACK TO PRODUCTS'

2022-02-18 00:47:41 - [TEST_STEP][PASSED] - if (i == 0): null

2022-02-18 00:47:41 - [TEST_STEP][PASSED] - else if (i == 1): null

2022-02-18 00:47:41 - [TEST_STEP][PASSED] - else if (i == 2): null

2022-02-18 00:47:41 - [TEST_STEP][PASSED] - else if (i == 3): null

2022-02-18 00:47:41 - [TEST_STEP][PASSED] - else if (i == 4): null

2022-02-18 00:47:41 - [TEST_STEP][PASSED] - else if (i == 5): Tapped on element 'Object Repository/Product/TextView - Products'

2022-02-18 00:47:41 - [TEST_STEP][PASSED] - scrollToText(Item5, STOP_ON_FAILURE): Scrolling to text 'Onesie' successfully

2022-02-18 00:47:46 - [MESSAGE][PASSED] - Scrolling to text 'Onesie' successfully

2022-02-18 00:47:46 - [TEST_STEP][PASSED] - tap(findTestObject("Product/TextView - Products", ["text":Item5]), 0): Tapped on element 'Object Repository/Product/TextView - Products'

2022-02-18 00:47:46 - [MESSAGE][WARNING] - Timeout '0' is invalid. Using default page load timeout: '30'

2022-02-18 00:47:46 - [MESSAGE][PASSED] - Tapped on element 'Object Repository/Product/TextView - Products'

2022-02-18 00:47:46 - [TEST_STEP][PASSED] - scrollToText("ADD TO CART", STOP_ON_FAILURE): Scrolling to text 'ADD TO CART' successfully

2022-02-18 00:47:51 - [MESSAGE][PASSED] - Scrolling to text 'ADD TO CART' successfully

2022-02-18 00:47:51 - [TEST_STEP][PASSED] - tap(findTestObject("Product/TextView - ADD TO CART"), 0): Tapped on element 'Object Repository/Product/TextView - ADD TO CART'

2022-02-18 00:47:51 - [MESSAGE][WARNING] - Timeout '0' is invalid. Using default page load timeout: '30'

2022-02-18 00:47:52 - [MESSAGE][PASSED] - Tapped on element 'Object Repository/Product/TextView - ADD TO CART'

2022-02-18 00:47:52 - [TEST_STEP][PASSED] - tap(findTestObject("Product/Button - BACK TO PRODUCTS"), 0): Tapped on element 'Object Repository/Product/Button - BACK TO PRODUCTS'

2022-02-18 00:47:52 - [MESSAGE][WARNING] - Timeout '0' is invalid. Using default page load timeout: '30'

2022-02-18 00:47:53 - [MESSAGE][PASSED] - Tapped on element 'Object Repository/Product/Button - BACK TO PRODUCTS'

2022-02-18 00:47:53 - [TEST_STEP][PASSED] - tap(findTestObject("Product/Image - Cart"), 0): Tapped on element 'Object Repository/Product/Image - Cart'

2022-02-18 00:47:53 - [MESSAGE][WARNING] - Timeout '0' is invalid. Using default page load timeout: '30'

2022-02-18 00:47:55 - [MESSAGE][PASSED] - Tapped on element 'Object Repository/Product/Image - Cart'

2022-02-18 00:47:55 - [TEST_STEP][PASSED] - scrollToText("CHECKOUT", STOP_ON_FAILURE): Scrolling to text 'CHECKOUT' successfully

2022-02-18 00:48:05 - [MESSAGE][PASSED] - Scrolling to text 'CHECKOUT' successfully

2022-02-18 00:48:05 - [TEST_STEP][PASSED] - tap(findTestObject("Product/TextView - CHECKOUT"), 0): Tapped on element 'Object Repository/Product/TextView - CHECKOUT'

2022-02-18 00:48:06 - [MESSAGE][WARNING] - Timeout '0' is invalid. Using default page load timeout: '30'

2022-02-18 00:48:06 - [MESSAGE][PASSED] - Tapped on element 'Object Repository/Product/TextView - CHECKOUT'

2022-02-18 00:48:06 - [MESSAGE][PASSED] - Call Test Case 'Test Cases/TC - 002 - Product' successfully

2022-02-18 00:48:06 - [TEST_STEP][PASSED] - callTestCase(findTestCase("TC - 003 - Checkout"), ["FirstName":FirstName, "LastName":LastName, "Pos":Pos], STOP_ON_FAILURE): Call Test Case 'Test Cases/TC - 003 - Checkout' successfully

2022-02-18 00:48:06 - [TEST_CASE][PASSED] - Test Cases/TC - 003 - Checkout: Test Cases/TC - 003 - Checkout

2022-02-18 00:48:06 - [TEST_STEP][PASSED] - setText(findTestObject("Checkout/EditText - First Name"), FirstName, 0): Text 'Bu' has been set to element 'Object Repository/Checkout/EditText - First Name'

2022-02-18 00:48:06 - [MESSAGE][WARNING] - Timeout '0' is invalid. Using default page load timeout: '30'

2022-02-18 00:48:09 - [MESSAGE][PASSED] - Text 'Bu' has been set to element 'Object Repository/Checkout/EditText - First Name'

2022-02-18 00:48:09 - [TEST_STEP][PASSED] - setText(findTestObject("Checkout/EditText - Last Name"), LastName, 0): Text 'Di' has been set to element 'Object Repository/Checkout/EditText - Last Name'

2022-02-18 00:48:09 - [MESSAGE][WARNING] - Timeout '0' is invalid. Using default page load timeout: '30'

2022-02-18 00:48:11 - [MESSAGE][PASSED] - Text 'Di' has been set to element 'Object Repository/Checkout/EditText - Last Name'

2022-02-18 00:48:11 - [TEST_STEP][PASSED] - setText(findTestObject("Checkout/EditText - ZipPostal Code"), Pos, 0): Text '4231' has been set to element 'Object Repository/Checkout/EditText - ZipPostal Code'

2022-02-18 00:48:11 - [MESSAGE][WARNING] - Timeout '0' is invalid. Using default page load timeout: '30'

2022-02-18 00:48:12 - [MESSAGE][PASSED] - Text '4231' has been set to element 'Object Repository/Checkout/EditText - ZipPostal Code'

2022-02-18 00:48:12 - [TEST_STEP][PASSED] - tap(findTestObject("Checkout/Button - CONTINUE"), 0): Tapped on element 'Object Repository/Checkout/Button - CONTINUE'

2022-02-18 00:48:12 - [MESSAGE][WARNING] - Timeout '0' is invalid. Using default page load timeout: '30'

2022-02-18 00:48:14 - [MESSAGE][PASSED] - Tapped on element 'Object Repository/Checkout/Button - CONTINUE'

2022-02-18 00:48:14 - [TEST_STEP][PASSED] - scrollToText("FINISH", STOP_ON_FAILURE): Scrolling to text 'FINISH' successfully

2022-02-18 00:48:26 - [MESSAGE][PASSED] - Scrolling to text 'FINISH' successfully

2022-02-18 00:48:26 - [TEST_STEP][PASSED] - tap(findTestObject("Checkout/Button - FINISH"), 0): Tapped on element 'Object Repository/Checkout/Button - FINISH'

2022-02-18 00:48:26 - [MESSAGE][WARNING] - Timeout '0' is invalid. Using default page load timeout: '30'

2022-02-18 00:48:27 - [MESSAGE][PASSED] - Tapped on element 'Object Repository/Checkout/Button - FINISH'

2022-02-18 00:48:27 - [MESSAGE][PASSED] - Call Test Case 'Test Cases/TC - 003 - Checkout' successfully

2022-02-18 00:48:27 - [TEST_STEP][PASSED] - delay(5, STOP_ON_FAILURE): Delayed 5 second(s)

2022-02-18 00:48:32 - [MESSAGE][PASSED] - Delayed 5 second(s)

2022-02-18 00:48:32 - [TEST_STEP][PASSED] - closeApplication(): Close app successfully

2022-02-18 00:48:33 - [MESSAGE][PASSED] - Close app successfully]]></system-out>
         <system-err><![CDATA[]]></system-err>
      </testcase>
      <system-out><![CDATA[2022-02-18 00:43:16 - [TEST_SUITE][INCOMPLETE] - TS - Buy Product: null]]></system-out>
      <system-err><![CDATA[2022-02-18 00:43:16 - [TEST_SUITE][INCOMPLETE] - TS - Buy Product: null]]></system-err>
   </testsuite>
</testsuites>
