<?xml version="1.0" encoding="UTF-8"?>
<testsuites name="TS - Buy Product" time="312.777" tests="3" failures="0" skips="0" errors="0">
   <testsuite name="TS - Buy Product" tests="3" failures="0" errors="0" time="312.777" skips="0" timestamp="2022-02-16 17:27:09" hostname="Lenovo - Muri" id="Test Suites/TS - Buy Product">
      <properties>
         <property name="deviceName" value="Xiaomi Redmi 7 (Android 10)"/>
         <property name="devicePlatform" value=""/>
         <property name="logFolder" value="C:\\Users\\Lenovo\\Katalon Studio\\Sauce Labs Mobile Test\\Reports\\20220216_172703\\TS - Buy Product\\20220216_172703"/>
         <property name="logFiles" value="C:\\Users\\Lenovo\\Katalon Studio\\Sauce Labs Mobile Test\\Reports\\20220216_172703\\TS - Buy Product\\20220216_172703\\appium.log, C:\\Users\\Lenovo\\Katalon Studio\\Sauce Labs Mobile Test\\Reports\\20220216_172703\\TS - Buy Product\\20220216_172703\\execution0.log"/>
         <property name="attachments" value=""/>
         <property name="hostName" value="Lenovo - Muri"/>
         <property name="os" value="Windows 10 64bit"/>
         <property name="appiumServerStatus" value="{&quot;value&quot;:{&quot;build&quot;:{&quot;version&quot;:&quot;1.21.0&quot;}},&quot;sessionId&quot;:null,&quot;status&quot;:0}"/>
         <property name="katalonVersion" value="7.8.0.208"/>
         <property name="deviceOS" value="Android"/>
         <property name="appiumVersion" value="1.21.0"/>
         <property name="deviceModel" value="Redmi 7"/>
         <property name="hostAddress" value="192.168.43.147"/>
         <property name="deviceManufacturer" value="Xiaomi"/>
         <property name="deviceId" value="4a90dd0d"/>
         <property name="deviceName" value="Xiaomi Redmi 7 (Android 10)"/>
         <property name="deviceOSVersion" value="10"/>
      </properties>
      <testcase name="Test Cases/TC - 000 - Swag Labs Master" time="81.342" classname="Test Cases/TC - 000 - Swag Labs Master" status="PASSED">
         <system-out><![CDATA[2022-02-16 17:27:12 - [TEST_CASE][PASSED] - Test Cases/TC - 000 - Swag Labs Master: Test Cases/TC - 000 - Swag Labs Master

2022-02-16 17:27:13 - [TEST_STEP][PASSED] - callTestCase(findTestCase("TC - 001 - Login"), [:], STOP_ON_FAILURE): Call Test Case 'Test Cases/TC - 001 - Login' successfully

2022-02-16 17:27:13 - [TEST_CASE][PASSED] - Test Cases/TC - 001 - Login: Test Cases/TC - 001 - Login

2022-02-16 17:27:14 - [TEST_STEP][PASSED] - startExistingApplication("com.swaglabsmobileapp"): Starting app with application ID: 'com.swaglabsmobileapp'

2022-02-16 17:27:19 - [MESSAGE][INFO] - Appium server started on port 54,197

2022-02-16 17:27:36 - [MESSAGE][INFO] - Failed to get Android statusbar's information.

2022-02-16 17:27:37 - [MESSAGE][PASSED] - Starting app with application ID: 'com.swaglabsmobileapp'

2022-02-16 17:27:37 - [TEST_STEP][PASSED] - setText(findTestObject("Object Repository/Login/EditText - Username"), "standard_user", 0): Text 'standard_user' has been set to element 'Object Repository/Login/EditText - Username'

2022-02-16 17:27:37 - [MESSAGE][WARNING] - Timeout '0' is invalid. Using default page load timeout: '30'

2022-02-16 17:27:42 - [MESSAGE][PASSED] - Text 'standard_user' has been set to element 'Object Repository/Login/EditText - Username'

2022-02-16 17:27:42 - [TEST_STEP][PASSED] - setText(findTestObject("Object Repository/Login/EditText - Password"), "secret_sauce", 0): Text 'secret_sauce' has been set to element 'Object Repository/Login/EditText - Password'

2022-02-16 17:27:42 - [MESSAGE][WARNING] - Timeout '0' is invalid. Using default page load timeout: '30'

2022-02-16 17:27:44 - [MESSAGE][PASSED] - Text 'secret_sauce' has been set to element 'Object Repository/Login/EditText - Password'

2022-02-16 17:27:44 - [TEST_STEP][PASSED] - tap(findTestObject("Object Repository/Login/Button - Login"), 0): Tapped on element 'Object Repository/Login/Button - Login'

2022-02-16 17:27:44 - [MESSAGE][WARNING] - Timeout '0' is invalid. Using default page load timeout: '30'

2022-02-16 17:27:45 - [MESSAGE][PASSED] - Tapped on element 'Object Repository/Login/Button - Login'

2022-02-16 17:27:45 - [MESSAGE][PASSED] - Call Test Case 'Test Cases/TC - 001 - Login' successfully

2022-02-16 17:27:45 - [TEST_STEP][PASSED] - delay(2, STOP_ON_FAILURE): Delayed 2 second(s)

2022-02-16 17:27:47 - [MESSAGE][PASSED] - Delayed 2 second(s)

2022-02-16 17:27:47 - [TEST_STEP][PASSED] - callTestCase(findTestCase("TC - 002 - Products"), ["Total":Total, "Item0":Item0, "Item1":Item1, "Item2":Item2, "Item3":Item3, "Item4":Item4, "Item5":Item5], STOP_ON_FAILURE): Call Test Case 'Test Cases/TC - 002 - Products' successfully

2022-02-16 17:27:48 - [TEST_CASE][PASSED] - Test Cases/TC - 002 - Products: Test Cases/TC - 002 - Products

2022-02-16 17:27:48 - [TEST_STEP][PASSED] - for ([i = 0, i < Total, (i++)]): Tapped on element 'Object Repository/Product/Button - Back To Products'

2022-02-16 17:27:48 - [TEST_STEP][PASSED] - if (i == 0): Tapped on element 'Object Repository/Product/TextView - Sauce Labs Backpack'

2022-02-16 17:27:48 - [TEST_STEP][PASSED] - scrollToText(Item0, STOP_ON_FAILURE): Scrolling to text 'Onesie' successfully

2022-02-16 17:27:53 - [MESSAGE][PASSED] - Scrolling to text 'Onesie' successfully

2022-02-16 17:27:53 - [TEST_STEP][PASSED] - tap(findTestObject("Product/TextView - Sauce Labs Backpack", ["text":Item0]), 0): Tapped on element 'Object Repository/Product/TextView - Sauce Labs Backpack'

2022-02-16 17:27:54 - [MESSAGE][WARNING] - Timeout '0' is invalid. Using default page load timeout: '30'

2022-02-16 17:27:55 - [MESSAGE][PASSED] - Tapped on element 'Object Repository/Product/TextView - Sauce Labs Backpack'

2022-02-16 17:27:55 - [TEST_STEP][PASSED] - scrollToText("ADD TO CART", STOP_ON_FAILURE): Scrolling to text 'ADD TO CART' successfully

2022-02-16 17:27:59 - [MESSAGE][PASSED] - Scrolling to text 'ADD TO CART' successfully

2022-02-16 17:27:59 - [TEST_STEP][PASSED] - tap(findTestObject("Product/Add To Cart - Detail Item"), 0): Tapped on element 'Object Repository/Product/Add To Cart - Detail Item'

2022-02-16 17:28:00 - [MESSAGE][WARNING] - Timeout '0' is invalid. Using default page load timeout: '30'

2022-02-16 17:28:01 - [MESSAGE][PASSED] - Tapped on element 'Object Repository/Product/Add To Cart - Detail Item'

2022-02-16 17:28:01 - [TEST_STEP][PASSED] - tap(findTestObject("Product/Button - Back To Products"), 0): Tapped on element 'Object Repository/Product/Button - Back To Products'

2022-02-16 17:28:01 - [MESSAGE][WARNING] - Timeout '0' is invalid. Using default page load timeout: '30'

2022-02-16 17:28:02 - [MESSAGE][PASSED] - Tapped on element 'Object Repository/Product/Button - Back To Products'

2022-02-16 17:28:02 - [TEST_STEP][PASSED] - if (i == 0): null

2022-02-16 17:28:02 - [TEST_STEP][PASSED] - else if (i == 1): Tapped on element 'Object Repository/Product/TextView - Sauce Labs Backpack'

2022-02-16 17:28:02 - [TEST_STEP][PASSED] - scrollToText(Item1, STOP_ON_FAILURE): Scrolling to text 'Bolt' successfully

2022-02-16 17:28:03 - [MESSAGE][PASSED] - Scrolling to text 'Bolt' successfully

2022-02-16 17:28:03 - [TEST_STEP][PASSED] - tap(findTestObject("Product/TextView - Sauce Labs Backpack", ["text":Item1]), 0): Tapped on element 'Object Repository/Product/TextView - Sauce Labs Backpack'

2022-02-16 17:28:03 - [MESSAGE][WARNING] - Timeout '0' is invalid. Using default page load timeout: '30'

2022-02-16 17:28:05 - [MESSAGE][PASSED] - Tapped on element 'Object Repository/Product/TextView - Sauce Labs Backpack'

2022-02-16 17:28:05 - [TEST_STEP][PASSED] - scrollToText("ADD TO CART", STOP_ON_FAILURE): Scrolling to text 'ADD TO CART' successfully

2022-02-16 17:28:10 - [MESSAGE][PASSED] - Scrolling to text 'ADD TO CART' successfully

2022-02-16 17:28:10 - [TEST_STEP][PASSED] - tap(findTestObject("Product/Add To Cart - Detail Item"), 0): Tapped on element 'Object Repository/Product/Add To Cart - Detail Item'

2022-02-16 17:28:10 - [MESSAGE][WARNING] - Timeout '0' is invalid. Using default page load timeout: '30'

2022-02-16 17:28:11 - [MESSAGE][PASSED] - Tapped on element 'Object Repository/Product/Add To Cart - Detail Item'

2022-02-16 17:28:11 - [TEST_STEP][PASSED] - tap(findTestObject("Product/Button - Back To Products"), 0): Tapped on element 'Object Repository/Product/Button - Back To Products'

2022-02-16 17:28:11 - [MESSAGE][WARNING] - Timeout '0' is invalid. Using default page load timeout: '30'

2022-02-16 17:28:12 - [MESSAGE][PASSED] - Tapped on element 'Object Repository/Product/Button - Back To Products'

2022-02-16 17:28:12 - [TEST_STEP][PASSED] - tap(findTestObject("Object Repository/Product/Image - Cart"), 0): Tapped on element 'Object Repository/Product/Image - Cart'

2022-02-16 17:28:12 - [MESSAGE][WARNING] - Timeout '0' is invalid. Using default page load timeout: '30'

2022-02-16 17:28:13 - [MESSAGE][PASSED] - Tapped on element 'Object Repository/Product/Image - Cart'

2022-02-16 17:28:13 - [TEST_STEP][PASSED] - scrollToText("CHECKOUT", STOP_ON_FAILURE): Scrolling to text 'CHECKOUT' successfully

2022-02-16 17:28:18 - [MESSAGE][PASSED] - Scrolling to text 'CHECKOUT' successfully

2022-02-16 17:28:18 - [TEST_STEP][PASSED] - tap(findTestObject("Product/TextView - CHECKOUT"), 0): Tapped on element 'Object Repository/Product/TextView - CHECKOUT'

2022-02-16 17:28:18 - [MESSAGE][WARNING] - Timeout '0' is invalid. Using default page load timeout: '30'

2022-02-16 17:28:18 - [MESSAGE][PASSED] - Tapped on element 'Object Repository/Product/TextView - CHECKOUT'

2022-02-16 17:28:18 - [MESSAGE][PASSED] - Call Test Case 'Test Cases/TC - 002 - Products' successfully

2022-02-16 17:28:18 - [TEST_STEP][PASSED] - callTestCase(findTestCase("TC - 003 - Checkout"), ["FirstName":FirstName, "LastName":LastName, "Pos":Pos], STOP_ON_FAILURE): Call Test Case 'Test Cases/TC - 003 - Checkout' successfully

2022-02-16 17:28:19 - [TEST_CASE][PASSED] - Test Cases/TC - 003 - Checkout: Test Cases/TC - 003 - Checkout

2022-02-16 17:28:19 - [TEST_STEP][PASSED] - setText(findTestObject("Object Repository/Checkout/EditText - First Name"), FirstName, 0): Text 'Mu' has been set to element 'Object Repository/Checkout/EditText - First Name'

2022-02-16 17:28:19 - [MESSAGE][WARNING] - Timeout '0' is invalid. Using default page load timeout: '30'

2022-02-16 17:28:20 - [MESSAGE][PASSED] - Text 'Mu' has been set to element 'Object Repository/Checkout/EditText - First Name'

2022-02-16 17:28:20 - [TEST_STEP][PASSED] - setText(findTestObject("Object Repository/Checkout/EditText - Last Name"), LastName, 0): Text 'Ri' has been set to element 'Object Repository/Checkout/EditText - Last Name'

2022-02-16 17:28:21 - [MESSAGE][WARNING] - Timeout '0' is invalid. Using default page load timeout: '30'

2022-02-16 17:28:22 - [MESSAGE][PASSED] - Text 'Ri' has been set to element 'Object Repository/Checkout/EditText - Last Name'

2022-02-16 17:28:22 - [TEST_STEP][PASSED] - setText(findTestObject("Checkout/EditText - ZipPostal Code"), Pos, 0): Text '1234' has been set to element 'Object Repository/Checkout/EditText - ZipPostal Code'

2022-02-16 17:28:22 - [MESSAGE][WARNING] - Timeout '0' is invalid. Using default page load timeout: '30'

2022-02-16 17:28:24 - [MESSAGE][PASSED] - Text '1234' has been set to element 'Object Repository/Checkout/EditText - ZipPostal Code'

2022-02-16 17:28:24 - [TEST_STEP][PASSED] - tap(findTestObject("Object Repository/Checkout/Button - Continue"), 0): Tapped on element 'Object Repository/Checkout/Button - Continue'

2022-02-16 17:28:24 - [MESSAGE][WARNING] - Timeout '0' is invalid. Using default page load timeout: '30'

2022-02-16 17:28:25 - [MESSAGE][PASSED] - Tapped on element 'Object Repository/Checkout/Button - Continue'

2022-02-16 17:28:25 - [TEST_STEP][PASSED] - scrollToText("FINISH", STOP_ON_FAILURE): Scrolling to text 'FINISH' successfully

2022-02-16 17:28:32 - [MESSAGE][PASSED] - Scrolling to text 'FINISH' successfully

2022-02-16 17:28:32 - [TEST_STEP][PASSED] - tap(findTestObject("Checkout/Button - FINISH (1)"), 0): Tapped on element 'Object Repository/Checkout/Button - FINISH (1)'

2022-02-16 17:28:32 - [MESSAGE][WARNING] - Timeout '0' is invalid. Using default page load timeout: '30'

2022-02-16 17:28:32 - [MESSAGE][PASSED] - Tapped on element 'Object Repository/Checkout/Button - FINISH (1)'

2022-02-16 17:28:32 - [MESSAGE][PASSED] - Call Test Case 'Test Cases/TC - 003 - Checkout' successfully

2022-02-16 17:28:32 - [TEST_STEP][PASSED] - closeApplication(): Close app successfully

2022-02-16 17:28:33 - [MESSAGE][PASSED] - Close app successfully]]></system-out>
         <system-err><![CDATA[]]></system-err>
      </testcase>
      <testcase name="Test Cases/TC - 000 - Swag Labs Master" time="96.34" classname="Test Cases/TC - 000 - Swag Labs Master" status="PASSED">
         <system-out><![CDATA[2022-02-16 17:28:33 - [TEST_CASE][PASSED] - Test Cases/TC - 000 - Swag Labs Master: Test Cases/TC - 000 - Swag Labs Master

2022-02-16 17:28:33 - [TEST_STEP][PASSED] - callTestCase(findTestCase("TC - 001 - Login"), [:], STOP_ON_FAILURE): Call Test Case 'Test Cases/TC - 001 - Login' successfully

2022-02-16 17:28:33 - [TEST_CASE][PASSED] - Test Cases/TC - 001 - Login: Test Cases/TC - 001 - Login

2022-02-16 17:28:33 - [TEST_STEP][PASSED] - startExistingApplication("com.swaglabsmobileapp"): Starting app with application ID: 'com.swaglabsmobileapp'

2022-02-16 17:28:38 - [MESSAGE][INFO] - Appium server started on port 54,510

2022-02-16 17:28:53 - [MESSAGE][INFO] - Failed to get Android statusbar's information.

2022-02-16 17:28:53 - [MESSAGE][PASSED] - Starting app with application ID: 'com.swaglabsmobileapp'

2022-02-16 17:28:53 - [TEST_STEP][PASSED] - setText(findTestObject("Object Repository/Login/EditText - Username"), "standard_user", 0): Text 'standard_user' has been set to element 'Object Repository/Login/EditText - Username'

2022-02-16 17:28:53 - [MESSAGE][WARNING] - Timeout '0' is invalid. Using default page load timeout: '30'

2022-02-16 17:28:57 - [MESSAGE][PASSED] - Text 'standard_user' has been set to element 'Object Repository/Login/EditText - Username'

2022-02-16 17:28:57 - [TEST_STEP][PASSED] - setText(findTestObject("Object Repository/Login/EditText - Password"), "secret_sauce", 0): Text 'secret_sauce' has been set to element 'Object Repository/Login/EditText - Password'

2022-02-16 17:28:57 - [MESSAGE][WARNING] - Timeout '0' is invalid. Using default page load timeout: '30'

2022-02-16 17:28:59 - [MESSAGE][PASSED] - Text 'secret_sauce' has been set to element 'Object Repository/Login/EditText - Password'

2022-02-16 17:28:59 - [TEST_STEP][PASSED] - tap(findTestObject("Object Repository/Login/Button - Login"), 0): Tapped on element 'Object Repository/Login/Button - Login'

2022-02-16 17:28:59 - [MESSAGE][WARNING] - Timeout '0' is invalid. Using default page load timeout: '30'

2022-02-16 17:29:00 - [MESSAGE][PASSED] - Tapped on element 'Object Repository/Login/Button - Login'

2022-02-16 17:29:00 - [MESSAGE][PASSED] - Call Test Case 'Test Cases/TC - 001 - Login' successfully

2022-02-16 17:29:00 - [TEST_STEP][PASSED] - delay(2, STOP_ON_FAILURE): Delayed 2 second(s)

2022-02-16 17:29:02 - [MESSAGE][PASSED] - Delayed 2 second(s)

2022-02-16 17:29:02 - [TEST_STEP][PASSED] - callTestCase(findTestCase("TC - 002 - Products"), ["Total":Total, "Item0":Item0, "Item1":Item1, "Item2":Item2, "Item3":Item3, "Item4":Item4, "Item5":Item5], STOP_ON_FAILURE): Call Test Case 'Test Cases/TC - 002 - Products' successfully

2022-02-16 17:29:02 - [TEST_CASE][PASSED] - Test Cases/TC - 002 - Products: Test Cases/TC - 002 - Products

2022-02-16 17:29:02 - [TEST_STEP][PASSED] - for ([i = 0, i < Total, (i++)]): Tapped on element 'Object Repository/Product/Button - Back To Products'

2022-02-16 17:29:02 - [TEST_STEP][PASSED] - if (i == 0): Tapped on element 'Object Repository/Product/TextView - Sauce Labs Backpack'

2022-02-16 17:29:02 - [TEST_STEP][PASSED] - scrollToText(Item0, STOP_ON_FAILURE): Scrolling to text 'Jacket' successfully

2022-02-16 17:29:08 - [MESSAGE][PASSED] - Scrolling to text 'Jacket' successfully

2022-02-16 17:29:08 - [TEST_STEP][PASSED] - tap(findTestObject("Product/TextView - Sauce Labs Backpack", ["text":Item0]), 0): Tapped on element 'Object Repository/Product/TextView - Sauce Labs Backpack'

2022-02-16 17:29:08 - [MESSAGE][WARNING] - Timeout '0' is invalid. Using default page load timeout: '30'

2022-02-16 17:29:09 - [MESSAGE][PASSED] - Tapped on element 'Object Repository/Product/TextView - Sauce Labs Backpack'

2022-02-16 17:29:09 - [TEST_STEP][PASSED] - scrollToText("ADD TO CART", STOP_ON_FAILURE): Scrolling to text 'ADD TO CART' successfully

2022-02-16 17:29:14 - [MESSAGE][PASSED] - Scrolling to text 'ADD TO CART' successfully

2022-02-16 17:29:14 - [TEST_STEP][PASSED] - tap(findTestObject("Product/Add To Cart - Detail Item"), 0): Tapped on element 'Object Repository/Product/Add To Cart - Detail Item'

2022-02-16 17:29:14 - [MESSAGE][WARNING] - Timeout '0' is invalid. Using default page load timeout: '30'

2022-02-16 17:29:15 - [MESSAGE][PASSED] - Tapped on element 'Object Repository/Product/Add To Cart - Detail Item'

2022-02-16 17:29:15 - [TEST_STEP][PASSED] - tap(findTestObject("Product/Button - Back To Products"), 0): Tapped on element 'Object Repository/Product/Button - Back To Products'

2022-02-16 17:29:15 - [MESSAGE][WARNING] - Timeout '0' is invalid. Using default page load timeout: '30'

2022-02-16 17:29:16 - [MESSAGE][PASSED] - Tapped on element 'Object Repository/Product/Button - Back To Products'

2022-02-16 17:29:16 - [TEST_STEP][PASSED] - if (i == 0): null

2022-02-16 17:29:16 - [TEST_STEP][PASSED] - else if (i == 1): Tapped on element 'Object Repository/Product/TextView - Sauce Labs Backpack'

2022-02-16 17:29:16 - [TEST_STEP][PASSED] - scrollToText(Item1, STOP_ON_FAILURE): Scrolling to text 'Red' successfully

2022-02-16 17:29:18 - [MESSAGE][PASSED] - Scrolling to text 'Red' successfully

2022-02-16 17:29:18 - [TEST_STEP][PASSED] - tap(findTestObject("Product/TextView - Sauce Labs Backpack", ["text":Item1]), 0): Tapped on element 'Object Repository/Product/TextView - Sauce Labs Backpack'

2022-02-16 17:29:18 - [MESSAGE][WARNING] - Timeout '0' is invalid. Using default page load timeout: '30'

2022-02-16 17:29:19 - [MESSAGE][PASSED] - Tapped on element 'Object Repository/Product/TextView - Sauce Labs Backpack'

2022-02-16 17:29:19 - [TEST_STEP][PASSED] - scrollToText("ADD TO CART", STOP_ON_FAILURE): Scrolling to text 'ADD TO CART' successfully

2022-02-16 17:29:24 - [MESSAGE][PASSED] - Scrolling to text 'ADD TO CART' successfully

2022-02-16 17:29:24 - [TEST_STEP][PASSED] - tap(findTestObject("Product/Add To Cart - Detail Item"), 0): Tapped on element 'Object Repository/Product/Add To Cart - Detail Item'

2022-02-16 17:29:24 - [MESSAGE][WARNING] - Timeout '0' is invalid. Using default page load timeout: '30'

2022-02-16 17:29:25 - [MESSAGE][PASSED] - Tapped on element 'Object Repository/Product/Add To Cart - Detail Item'

2022-02-16 17:29:25 - [TEST_STEP][PASSED] - tap(findTestObject("Product/Button - Back To Products"), 0): Tapped on element 'Object Repository/Product/Button - Back To Products'

2022-02-16 17:29:25 - [MESSAGE][WARNING] - Timeout '0' is invalid. Using default page load timeout: '30'

2022-02-16 17:29:26 - [MESSAGE][PASSED] - Tapped on element 'Object Repository/Product/Button - Back To Products'

2022-02-16 17:29:26 - [TEST_STEP][PASSED] - if (i == 0): null

2022-02-16 17:29:26 - [TEST_STEP][PASSED] - else if (i == 1): null

2022-02-16 17:29:26 - [TEST_STEP][PASSED] - else if (i == 2): Tapped on element 'Object Repository/Product/TextView - Sauce Labs Backpack'

2022-02-16 17:29:26 - [TEST_STEP][PASSED] - scrollToText(Item2, STOP_ON_FAILURE): Scrolling to text 'Light' successfully

2022-02-16 17:29:31 - [MESSAGE][PASSED] - Scrolling to text 'Light' successfully

2022-02-16 17:29:31 - [TEST_STEP][PASSED] - tap(findTestObject("Product/TextView - Sauce Labs Backpack", ["text":Item2]), 0): Tapped on element 'Object Repository/Product/TextView - Sauce Labs Backpack'

2022-02-16 17:29:31 - [MESSAGE][WARNING] - Timeout '0' is invalid. Using default page load timeout: '30'

2022-02-16 17:29:33 - [MESSAGE][PASSED] - Tapped on element 'Object Repository/Product/TextView - Sauce Labs Backpack'

2022-02-16 17:29:33 - [TEST_STEP][PASSED] - scrollToText("ADD TO CART", STOP_ON_FAILURE): Scrolling to text 'ADD TO CART' successfully

2022-02-16 17:29:38 - [MESSAGE][PASSED] - Scrolling to text 'ADD TO CART' successfully

2022-02-16 17:29:38 - [TEST_STEP][PASSED] - tap(findTestObject("Product/Add To Cart - Detail Item"), 0): Tapped on element 'Object Repository/Product/Add To Cart - Detail Item'

2022-02-16 17:29:38 - [MESSAGE][WARNING] - Timeout '0' is invalid. Using default page load timeout: '30'

2022-02-16 17:29:38 - [MESSAGE][PASSED] - Tapped on element 'Object Repository/Product/Add To Cart - Detail Item'

2022-02-16 17:29:38 - [TEST_STEP][PASSED] - tap(findTestObject("Product/Button - Back To Products"), 0): Tapped on element 'Object Repository/Product/Button - Back To Products'

2022-02-16 17:29:38 - [MESSAGE][WARNING] - Timeout '0' is invalid. Using default page load timeout: '30'

2022-02-16 17:29:40 - [MESSAGE][PASSED] - Tapped on element 'Object Repository/Product/Button - Back To Products'

2022-02-16 17:29:40 - [TEST_STEP][PASSED] - tap(findTestObject("Object Repository/Product/Image - Cart"), 0): Tapped on element 'Object Repository/Product/Image - Cart'

2022-02-16 17:29:40 - [MESSAGE][WARNING] - Timeout '0' is invalid. Using default page load timeout: '30'

2022-02-16 17:29:42 - [MESSAGE][PASSED] - Tapped on element 'Object Repository/Product/Image - Cart'

2022-02-16 17:29:42 - [TEST_STEP][PASSED] - scrollToText("CHECKOUT", STOP_ON_FAILURE): Scrolling to text 'CHECKOUT' successfully

2022-02-16 17:29:50 - [MESSAGE][PASSED] - Scrolling to text 'CHECKOUT' successfully

2022-02-16 17:29:50 - [TEST_STEP][PASSED] - tap(findTestObject("Product/TextView - CHECKOUT"), 0): Tapped on element 'Object Repository/Product/TextView - CHECKOUT'

2022-02-16 17:29:50 - [MESSAGE][WARNING] - Timeout '0' is invalid. Using default page load timeout: '30'

2022-02-16 17:29:52 - [MESSAGE][PASSED] - Tapped on element 'Object Repository/Product/TextView - CHECKOUT'

2022-02-16 17:29:52 - [MESSAGE][PASSED] - Call Test Case 'Test Cases/TC - 002 - Products' successfully

2022-02-16 17:29:52 - [TEST_STEP][PASSED] - callTestCase(findTestCase("TC - 003 - Checkout"), ["FirstName":FirstName, "LastName":LastName, "Pos":Pos], STOP_ON_FAILURE): Call Test Case 'Test Cases/TC - 003 - Checkout' successfully

2022-02-16 17:29:52 - [TEST_CASE][PASSED] - Test Cases/TC - 003 - Checkout: Test Cases/TC - 003 - Checkout

2022-02-16 17:29:52 - [TEST_STEP][PASSED] - setText(findTestObject("Object Repository/Checkout/EditText - First Name"), FirstName, 0): Text 'Do' has been set to element 'Object Repository/Checkout/EditText - First Name'

2022-02-16 17:29:52 - [MESSAGE][WARNING] - Timeout '0' is invalid. Using default page load timeout: '30'

2022-02-16 17:29:55 - [MESSAGE][PASSED] - Text 'Do' has been set to element 'Object Repository/Checkout/EditText - First Name'

2022-02-16 17:29:55 - [TEST_STEP][PASSED] - setText(findTestObject("Object Repository/Checkout/EditText - Last Name"), LastName, 0): Text 'Ni' has been set to element 'Object Repository/Checkout/EditText - Last Name'

2022-02-16 17:29:55 - [MESSAGE][WARNING] - Timeout '0' is invalid. Using default page load timeout: '30'

2022-02-16 17:29:58 - [MESSAGE][PASSED] - Text 'Ni' has been set to element 'Object Repository/Checkout/EditText - Last Name'

2022-02-16 17:29:58 - [TEST_STEP][PASSED] - setText(findTestObject("Checkout/EditText - ZipPostal Code"), Pos, 0): Text '4312' has been set to element 'Object Repository/Checkout/EditText - ZipPostal Code'

2022-02-16 17:29:58 - [MESSAGE][WARNING] - Timeout '0' is invalid. Using default page load timeout: '30'

2022-02-16 17:30:00 - [MESSAGE][PASSED] - Text '4312' has been set to element 'Object Repository/Checkout/EditText - ZipPostal Code'

2022-02-16 17:30:00 - [TEST_STEP][PASSED] - tap(findTestObject("Object Repository/Checkout/Button - Continue"), 0): Tapped on element 'Object Repository/Checkout/Button - Continue'

2022-02-16 17:30:00 - [MESSAGE][WARNING] - Timeout '0' is invalid. Using default page load timeout: '30'

2022-02-16 17:30:01 - [MESSAGE][PASSED] - Tapped on element 'Object Repository/Checkout/Button - Continue'

2022-02-16 17:30:01 - [TEST_STEP][PASSED] - scrollToText("FINISH", STOP_ON_FAILURE): Scrolling to text 'FINISH' successfully

2022-02-16 17:30:08 - [MESSAGE][PASSED] - Scrolling to text 'FINISH' successfully

2022-02-16 17:30:08 - [TEST_STEP][PASSED] - tap(findTestObject("Checkout/Button - FINISH (1)"), 0): Tapped on element 'Object Repository/Checkout/Button - FINISH (1)'

2022-02-16 17:30:08 - [MESSAGE][WARNING] - Timeout '0' is invalid. Using default page load timeout: '30'

2022-02-16 17:30:09 - [MESSAGE][PASSED] - Tapped on element 'Object Repository/Checkout/Button - FINISH (1)'

2022-02-16 17:30:09 - [MESSAGE][PASSED] - Call Test Case 'Test Cases/TC - 003 - Checkout' successfully

2022-02-16 17:30:09 - [TEST_STEP][PASSED] - closeApplication(): Close app successfully

2022-02-16 17:30:10 - [MESSAGE][PASSED] - Close app successfully]]></system-out>
         <system-err><![CDATA[]]></system-err>
      </testcase>
      <testcase name="Test Cases/TC - 000 - Swag Labs Master" time="131.803" classname="Test Cases/TC - 000 - Swag Labs Master" status="PASSED">
         <system-out><![CDATA[2022-02-16 17:30:10 - [TEST_CASE][PASSED] - Test Cases/TC - 000 - Swag Labs Master: Test Cases/TC - 000 - Swag Labs Master

2022-02-16 17:30:10 - [TEST_STEP][PASSED] - callTestCase(findTestCase("TC - 001 - Login"), [:], STOP_ON_FAILURE): Call Test Case 'Test Cases/TC - 001 - Login' successfully

2022-02-16 17:30:10 - [TEST_CASE][PASSED] - Test Cases/TC - 001 - Login: Test Cases/TC - 001 - Login

2022-02-16 17:30:10 - [TEST_STEP][PASSED] - startExistingApplication("com.swaglabsmobileapp"): Starting app with application ID: 'com.swaglabsmobileapp'

2022-02-16 17:30:14 - [MESSAGE][INFO] - Appium server started on port 54,893

2022-02-16 17:30:27 - [MESSAGE][INFO] - Failed to get Android statusbar's information.

2022-02-16 17:30:28 - [MESSAGE][PASSED] - Starting app with application ID: 'com.swaglabsmobileapp'

2022-02-16 17:30:28 - [TEST_STEP][PASSED] - setText(findTestObject("Object Repository/Login/EditText - Username"), "standard_user", 0): Text 'standard_user' has been set to element 'Object Repository/Login/EditText - Username'

2022-02-16 17:30:28 - [MESSAGE][WARNING] - Timeout '0' is invalid. Using default page load timeout: '30'

2022-02-16 17:30:31 - [MESSAGE][PASSED] - Text 'standard_user' has been set to element 'Object Repository/Login/EditText - Username'

2022-02-16 17:30:31 - [TEST_STEP][PASSED] - setText(findTestObject("Object Repository/Login/EditText - Password"), "secret_sauce", 0): Text 'secret_sauce' has been set to element 'Object Repository/Login/EditText - Password'

2022-02-16 17:30:31 - [MESSAGE][WARNING] - Timeout '0' is invalid. Using default page load timeout: '30'

2022-02-16 17:30:33 - [MESSAGE][PASSED] - Text 'secret_sauce' has been set to element 'Object Repository/Login/EditText - Password'

2022-02-16 17:30:33 - [TEST_STEP][PASSED] - tap(findTestObject("Object Repository/Login/Button - Login"), 0): Tapped on element 'Object Repository/Login/Button - Login'

2022-02-16 17:30:33 - [MESSAGE][WARNING] - Timeout '0' is invalid. Using default page load timeout: '30'

2022-02-16 17:30:34 - [MESSAGE][PASSED] - Tapped on element 'Object Repository/Login/Button - Login'

2022-02-16 17:30:34 - [MESSAGE][PASSED] - Call Test Case 'Test Cases/TC - 001 - Login' successfully

2022-02-16 17:30:34 - [TEST_STEP][PASSED] - delay(2, STOP_ON_FAILURE): Delayed 2 second(s)

2022-02-16 17:30:36 - [MESSAGE][PASSED] - Delayed 2 second(s)

2022-02-16 17:30:36 - [TEST_STEP][PASSED] - callTestCase(findTestCase("TC - 002 - Products"), ["Total":Total, "Item0":Item0, "Item1":Item1, "Item2":Item2, "Item3":Item3, "Item4":Item4, "Item5":Item5], STOP_ON_FAILURE): Call Test Case 'Test Cases/TC - 002 - Products' successfully

2022-02-16 17:30:36 - [TEST_CASE][PASSED] - Test Cases/TC - 002 - Products: Test Cases/TC - 002 - Products

2022-02-16 17:30:36 - [TEST_STEP][PASSED] - for ([i = 0, i < Total, (i++)]): Tapped on element 'Object Repository/Product/Button - Back To Products'

2022-02-16 17:30:36 - [TEST_STEP][PASSED] - if (i == 0): Tapped on element 'Object Repository/Product/TextView - Sauce Labs Backpack'

2022-02-16 17:30:36 - [TEST_STEP][PASSED] - scrollToText(Item0, STOP_ON_FAILURE): Scrolling to text 'Backpack' successfully

2022-02-16 17:30:38 - [MESSAGE][PASSED] - Scrolling to text 'Backpack' successfully

2022-02-16 17:30:38 - [TEST_STEP][PASSED] - tap(findTestObject("Product/TextView - Sauce Labs Backpack", ["text":Item0]), 0): Tapped on element 'Object Repository/Product/TextView - Sauce Labs Backpack'

2022-02-16 17:30:38 - [MESSAGE][WARNING] - Timeout '0' is invalid. Using default page load timeout: '30'

2022-02-16 17:30:38 - [MESSAGE][PASSED] - Tapped on element 'Object Repository/Product/TextView - Sauce Labs Backpack'

2022-02-16 17:30:38 - [TEST_STEP][PASSED] - scrollToText("ADD TO CART", STOP_ON_FAILURE): Scrolling to text 'ADD TO CART' successfully

2022-02-16 17:30:43 - [MESSAGE][PASSED] - Scrolling to text 'ADD TO CART' successfully

2022-02-16 17:30:43 - [TEST_STEP][PASSED] - tap(findTestObject("Product/Add To Cart - Detail Item"), 0): Tapped on element 'Object Repository/Product/Add To Cart - Detail Item'

2022-02-16 17:30:43 - [MESSAGE][WARNING] - Timeout '0' is invalid. Using default page load timeout: '30'

2022-02-16 17:30:45 - [MESSAGE][PASSED] - Tapped on element 'Object Repository/Product/Add To Cart - Detail Item'

2022-02-16 17:30:45 - [TEST_STEP][PASSED] - tap(findTestObject("Product/Button - Back To Products"), 0): Tapped on element 'Object Repository/Product/Button - Back To Products'

2022-02-16 17:30:45 - [MESSAGE][WARNING] - Timeout '0' is invalid. Using default page load timeout: '30'

2022-02-16 17:30:46 - [MESSAGE][PASSED] - Tapped on element 'Object Repository/Product/Button - Back To Products'

2022-02-16 17:30:46 - [TEST_STEP][PASSED] - if (i == 0): null

2022-02-16 17:30:46 - [TEST_STEP][PASSED] - else if (i == 1): Tapped on element 'Object Repository/Product/TextView - Sauce Labs Backpack'

2022-02-16 17:30:46 - [TEST_STEP][PASSED] - scrollToText(Item1, STOP_ON_FAILURE): Scrolling to text 'Jacket' successfully

2022-02-16 17:30:52 - [MESSAGE][PASSED] - Scrolling to text 'Jacket' successfully

2022-02-16 17:30:52 - [TEST_STEP][PASSED] - tap(findTestObject("Product/TextView - Sauce Labs Backpack", ["text":Item1]), 0): Tapped on element 'Object Repository/Product/TextView - Sauce Labs Backpack'

2022-02-16 17:30:52 - [MESSAGE][WARNING] - Timeout '0' is invalid. Using default page load timeout: '30'

2022-02-16 17:30:54 - [MESSAGE][PASSED] - Tapped on element 'Object Repository/Product/TextView - Sauce Labs Backpack'

2022-02-16 17:30:54 - [TEST_STEP][PASSED] - scrollToText("ADD TO CART", STOP_ON_FAILURE): Scrolling to text 'ADD TO CART' successfully

2022-02-16 17:30:59 - [MESSAGE][PASSED] - Scrolling to text 'ADD TO CART' successfully

2022-02-16 17:30:59 - [TEST_STEP][PASSED] - tap(findTestObject("Product/Add To Cart - Detail Item"), 0): Tapped on element 'Object Repository/Product/Add To Cart - Detail Item'

2022-02-16 17:30:59 - [MESSAGE][WARNING] - Timeout '0' is invalid. Using default page load timeout: '30'

2022-02-16 17:31:01 - [MESSAGE][PASSED] - Tapped on element 'Object Repository/Product/Add To Cart - Detail Item'

2022-02-16 17:31:01 - [TEST_STEP][PASSED] - tap(findTestObject("Product/Button - Back To Products"), 0): Tapped on element 'Object Repository/Product/Button - Back To Products'

2022-02-16 17:31:01 - [MESSAGE][WARNING] - Timeout '0' is invalid. Using default page load timeout: '30'

2022-02-16 17:31:02 - [MESSAGE][PASSED] - Tapped on element 'Object Repository/Product/Button - Back To Products'

2022-02-16 17:31:02 - [TEST_STEP][PASSED] - if (i == 0): null

2022-02-16 17:31:02 - [TEST_STEP][PASSED] - else if (i == 1): null

2022-02-16 17:31:02 - [TEST_STEP][PASSED] - else if (i == 2): Tapped on element 'Object Repository/Product/TextView - Sauce Labs Backpack'

2022-02-16 17:31:02 - [TEST_STEP][PASSED] - scrollToText(Item2, STOP_ON_FAILURE): Scrolling to text 'Light' successfully

2022-02-16 17:31:07 - [MESSAGE][PASSED] - Scrolling to text 'Light' successfully

2022-02-16 17:31:07 - [TEST_STEP][PASSED] - tap(findTestObject("Product/TextView - Sauce Labs Backpack", ["text":Item2]), 0): Tapped on element 'Object Repository/Product/TextView - Sauce Labs Backpack'

2022-02-16 17:31:07 - [MESSAGE][WARNING] - Timeout '0' is invalid. Using default page load timeout: '30'

2022-02-16 17:31:08 - [MESSAGE][PASSED] - Tapped on element 'Object Repository/Product/TextView - Sauce Labs Backpack'

2022-02-16 17:31:08 - [TEST_STEP][PASSED] - scrollToText("ADD TO CART", STOP_ON_FAILURE): Scrolling to text 'ADD TO CART' successfully

2022-02-16 17:31:12 - [MESSAGE][PASSED] - Scrolling to text 'ADD TO CART' successfully

2022-02-16 17:31:12 - [TEST_STEP][PASSED] - tap(findTestObject("Product/Add To Cart - Detail Item"), 0): Tapped on element 'Object Repository/Product/Add To Cart - Detail Item'

2022-02-16 17:31:13 - [MESSAGE][WARNING] - Timeout '0' is invalid. Using default page load timeout: '30'

2022-02-16 17:31:13 - [MESSAGE][PASSED] - Tapped on element 'Object Repository/Product/Add To Cart - Detail Item'

2022-02-16 17:31:13 - [TEST_STEP][PASSED] - tap(findTestObject("Product/Button - Back To Products"), 0): Tapped on element 'Object Repository/Product/Button - Back To Products'

2022-02-16 17:31:13 - [MESSAGE][WARNING] - Timeout '0' is invalid. Using default page load timeout: '30'

2022-02-16 17:31:15 - [MESSAGE][PASSED] - Tapped on element 'Object Repository/Product/Button - Back To Products'

2022-02-16 17:31:15 - [TEST_STEP][PASSED] - if (i == 0): null

2022-02-16 17:31:15 - [TEST_STEP][PASSED] - else if (i == 1): null

2022-02-16 17:31:15 - [TEST_STEP][PASSED] - else if (i == 2): null

2022-02-16 17:31:15 - [TEST_STEP][PASSED] - else if (i == 3): Tapped on element 'Object Repository/Product/TextView - Sauce Labs Backpack'

2022-02-16 17:31:15 - [TEST_STEP][PASSED] - scrollToText(Item3, STOP_ON_FAILURE): Scrolling to text 'Bolt' successfully

2022-02-16 17:31:20 - [MESSAGE][PASSED] - Scrolling to text 'Bolt' successfully

2022-02-16 17:31:20 - [TEST_STEP][PASSED] - tap(findTestObject("Product/TextView - Sauce Labs Backpack", ["text":Item3]), 0): Tapped on element 'Object Repository/Product/TextView - Sauce Labs Backpack'

2022-02-16 17:31:20 - [MESSAGE][WARNING] - Timeout '0' is invalid. Using default page load timeout: '30'

2022-02-16 17:31:21 - [MESSAGE][PASSED] - Tapped on element 'Object Repository/Product/TextView - Sauce Labs Backpack'

2022-02-16 17:31:21 - [TEST_STEP][PASSED] - scrollToText("ADD TO CART", STOP_ON_FAILURE): Scrolling to text 'ADD TO CART' successfully

2022-02-16 17:31:26 - [MESSAGE][PASSED] - Scrolling to text 'ADD TO CART' successfully

2022-02-16 17:31:26 - [TEST_STEP][PASSED] - tap(findTestObject("Product/Add To Cart - Detail Item"), 0): Tapped on element 'Object Repository/Product/Add To Cart - Detail Item'

2022-02-16 17:31:26 - [MESSAGE][WARNING] - Timeout '0' is invalid. Using default page load timeout: '30'

2022-02-16 17:31:27 - [MESSAGE][PASSED] - Tapped on element 'Object Repository/Product/Add To Cart - Detail Item'

2022-02-16 17:31:27 - [TEST_STEP][PASSED] - tap(findTestObject("Product/Button - Back To Products"), 0): Tapped on element 'Object Repository/Product/Button - Back To Products'

2022-02-16 17:31:27 - [MESSAGE][WARNING] - Timeout '0' is invalid. Using default page load timeout: '30'

2022-02-16 17:31:28 - [MESSAGE][PASSED] - Tapped on element 'Object Repository/Product/Button - Back To Products'

2022-02-16 17:31:28 - [TEST_STEP][PASSED] - if (i == 0): null

2022-02-16 17:31:28 - [TEST_STEP][PASSED] - else if (i == 1): null

2022-02-16 17:31:28 - [TEST_STEP][PASSED] - else if (i == 2): null

2022-02-16 17:31:28 - [TEST_STEP][PASSED] - else if (i == 3): null

2022-02-16 17:31:28 - [TEST_STEP][PASSED] - else if (i == 4): Tapped on element 'Object Repository/Product/TextView - Sauce Labs Backpack'

2022-02-16 17:31:28 - [TEST_STEP][PASSED] - scrollToText(Item4, STOP_ON_FAILURE): Scrolling to text 'Onesie' successfully

2022-02-16 17:31:30 - [MESSAGE][PASSED] - Scrolling to text 'Onesie' successfully

2022-02-16 17:31:30 - [TEST_STEP][PASSED] - tap(findTestObject("Product/TextView - Sauce Labs Backpack", ["text":Item4]), 0): Tapped on element 'Object Repository/Product/TextView - Sauce Labs Backpack'

2022-02-16 17:31:30 - [MESSAGE][WARNING] - Timeout '0' is invalid. Using default page load timeout: '30'

2022-02-16 17:31:30 - [MESSAGE][PASSED] - Tapped on element 'Object Repository/Product/TextView - Sauce Labs Backpack'

2022-02-16 17:31:30 - [TEST_STEP][PASSED] - scrollToText("ADD TO CART", STOP_ON_FAILURE): Scrolling to text 'ADD TO CART' successfully

2022-02-16 17:31:35 - [MESSAGE][PASSED] - Scrolling to text 'ADD TO CART' successfully

2022-02-16 17:31:35 - [TEST_STEP][PASSED] - tap(findTestObject("Product/Add To Cart - Detail Item"), 0): Tapped on element 'Object Repository/Product/Add To Cart - Detail Item'

2022-02-16 17:31:35 - [MESSAGE][WARNING] - Timeout '0' is invalid. Using default page load timeout: '30'

2022-02-16 17:31:36 - [MESSAGE][PASSED] - Tapped on element 'Object Repository/Product/Add To Cart - Detail Item'

2022-02-16 17:31:36 - [TEST_STEP][PASSED] - tap(findTestObject("Product/Button - Back To Products"), 0): Tapped on element 'Object Repository/Product/Button - Back To Products'

2022-02-16 17:31:36 - [MESSAGE][WARNING] - Timeout '0' is invalid. Using default page load timeout: '30'

2022-02-16 17:31:37 - [MESSAGE][PASSED] - Tapped on element 'Object Repository/Product/Button - Back To Products'

2022-02-16 17:31:37 - [TEST_STEP][PASSED] - if (i == 0): null

2022-02-16 17:31:37 - [TEST_STEP][PASSED] - else if (i == 1): null

2022-02-16 17:31:37 - [TEST_STEP][PASSED] - else if (i == 2): null

2022-02-16 17:31:37 - [TEST_STEP][PASSED] - else if (i == 3): null

2022-02-16 17:31:37 - [TEST_STEP][PASSED] - else if (i == 4): null

2022-02-16 17:31:37 - [TEST_STEP][PASSED] - else if (i == 5): Tapped on element 'Object Repository/Product/TextView - Sauce Labs Backpack'

2022-02-16 17:31:37 - [TEST_STEP][PASSED] - scrollToText(Item5, STOP_ON_FAILURE): Scrolling to text 'Red' successfully

2022-02-16 17:31:39 - [MESSAGE][PASSED] - Scrolling to text 'Red' successfully

2022-02-16 17:31:39 - [TEST_STEP][PASSED] - tap(findTestObject("Product/TextView - Sauce Labs Backpack", ["text":Item5]), 0): Tapped on element 'Object Repository/Product/TextView - Sauce Labs Backpack'

2022-02-16 17:31:39 - [MESSAGE][WARNING] - Timeout '0' is invalid. Using default page load timeout: '30'

2022-02-16 17:31:40 - [MESSAGE][PASSED] - Tapped on element 'Object Repository/Product/TextView - Sauce Labs Backpack'

2022-02-16 17:31:40 - [TEST_STEP][PASSED] - scrollToText("ADD TO CART", STOP_ON_FAILURE): Scrolling to text 'ADD TO CART' successfully

2022-02-16 17:31:45 - [MESSAGE][PASSED] - Scrolling to text 'ADD TO CART' successfully

2022-02-16 17:31:45 - [TEST_STEP][PASSED] - tap(findTestObject("Product/Add To Cart - Detail Item"), 0): Tapped on element 'Object Repository/Product/Add To Cart - Detail Item'

2022-02-16 17:31:45 - [MESSAGE][WARNING] - Timeout '0' is invalid. Using default page load timeout: '30'

2022-02-16 17:31:45 - [MESSAGE][PASSED] - Tapped on element 'Object Repository/Product/Add To Cart - Detail Item'

2022-02-16 17:31:45 - [TEST_STEP][PASSED] - tap(findTestObject("Product/Button - Back To Products"), 0): Tapped on element 'Object Repository/Product/Button - Back To Products'

2022-02-16 17:31:46 - [MESSAGE][WARNING] - Timeout '0' is invalid. Using default page load timeout: '30'

2022-02-16 17:31:47 - [MESSAGE][PASSED] - Tapped on element 'Object Repository/Product/Button - Back To Products'

2022-02-16 17:31:47 - [TEST_STEP][PASSED] - tap(findTestObject("Object Repository/Product/Image - Cart"), 0): Tapped on element 'Object Repository/Product/Image - Cart'

2022-02-16 17:31:48 - [MESSAGE][WARNING] - Timeout '0' is invalid. Using default page load timeout: '30'

2022-02-16 17:31:48 - [MESSAGE][PASSED] - Tapped on element 'Object Repository/Product/Image - Cart'

2022-02-16 17:31:48 - [TEST_STEP][PASSED] - scrollToText("CHECKOUT", STOP_ON_FAILURE): Scrolling to text 'CHECKOUT' successfully

2022-02-16 17:32:01 - [MESSAGE][PASSED] - Scrolling to text 'CHECKOUT' successfully

2022-02-16 17:32:01 - [TEST_STEP][PASSED] - tap(findTestObject("Product/TextView - CHECKOUT"), 0): Tapped on element 'Object Repository/Product/TextView - CHECKOUT'

2022-02-16 17:32:01 - [MESSAGE][WARNING] - Timeout '0' is invalid. Using default page load timeout: '30'

2022-02-16 17:32:02 - [MESSAGE][PASSED] - Tapped on element 'Object Repository/Product/TextView - CHECKOUT'

2022-02-16 17:32:02 - [MESSAGE][PASSED] - Call Test Case 'Test Cases/TC - 002 - Products' successfully

2022-02-16 17:32:02 - [TEST_STEP][PASSED] - callTestCase(findTestCase("TC - 003 - Checkout"), ["FirstName":FirstName, "LastName":LastName, "Pos":Pos], STOP_ON_FAILURE): Call Test Case 'Test Cases/TC - 003 - Checkout' successfully

2022-02-16 17:32:02 - [TEST_CASE][PASSED] - Test Cases/TC - 003 - Checkout: Test Cases/TC - 003 - Checkout

2022-02-16 17:32:02 - [TEST_STEP][PASSED] - setText(findTestObject("Object Repository/Checkout/EditText - First Name"), FirstName, 0): Text 'Bu' has been set to element 'Object Repository/Checkout/EditText - First Name'

2022-02-16 17:32:02 - [MESSAGE][WARNING] - Timeout '0' is invalid. Using default page load timeout: '30'

2022-02-16 17:32:05 - [MESSAGE][PASSED] - Text 'Bu' has been set to element 'Object Repository/Checkout/EditText - First Name'

2022-02-16 17:32:05 - [TEST_STEP][PASSED] - setText(findTestObject("Object Repository/Checkout/EditText - Last Name"), LastName, 0): Text 'Di' has been set to element 'Object Repository/Checkout/EditText - Last Name'

2022-02-16 17:32:05 - [MESSAGE][WARNING] - Timeout '0' is invalid. Using default page load timeout: '30'

2022-02-16 17:32:06 - [MESSAGE][PASSED] - Text 'Di' has been set to element 'Object Repository/Checkout/EditText - Last Name'

2022-02-16 17:32:06 - [TEST_STEP][PASSED] - setText(findTestObject("Checkout/EditText - ZipPostal Code"), Pos, 0): Text '2314' has been set to element 'Object Repository/Checkout/EditText - ZipPostal Code'

2022-02-16 17:32:06 - [MESSAGE][WARNING] - Timeout '0' is invalid. Using default page load timeout: '30'

2022-02-16 17:32:07 - [MESSAGE][PASSED] - Text '2314' has been set to element 'Object Repository/Checkout/EditText - ZipPostal Code'

2022-02-16 17:32:07 - [TEST_STEP][PASSED] - tap(findTestObject("Object Repository/Checkout/Button - Continue"), 0): Tapped on element 'Object Repository/Checkout/Button - Continue'

2022-02-16 17:32:07 - [MESSAGE][WARNING] - Timeout '0' is invalid. Using default page load timeout: '30'

2022-02-16 17:32:08 - [MESSAGE][PASSED] - Tapped on element 'Object Repository/Checkout/Button - Continue'

2022-02-16 17:32:08 - [TEST_STEP][PASSED] - scrollToText("FINISH", STOP_ON_FAILURE): Scrolling to text 'FINISH' successfully

2022-02-16 17:32:19 - [MESSAGE][PASSED] - Scrolling to text 'FINISH' successfully

2022-02-16 17:32:19 - [TEST_STEP][PASSED] - tap(findTestObject("Checkout/Button - FINISH (1)"), 0): Tapped on element 'Object Repository/Checkout/Button - FINISH (1)'

2022-02-16 17:32:19 - [MESSAGE][WARNING] - Timeout '0' is invalid. Using default page load timeout: '30'

2022-02-16 17:32:21 - [MESSAGE][PASSED] - Tapped on element 'Object Repository/Checkout/Button - FINISH (1)'

2022-02-16 17:32:21 - [MESSAGE][PASSED] - Call Test Case 'Test Cases/TC - 003 - Checkout' successfully

2022-02-16 17:32:21 - [TEST_STEP][PASSED] - closeApplication(): Close app successfully

2022-02-16 17:32:22 - [MESSAGE][PASSED] - Close app successfully]]></system-out>
         <system-err><![CDATA[]]></system-err>
      </testcase>
      <system-out><![CDATA[2022-02-16 17:27:09 - [TEST_SUITE][INCOMPLETE] - TS - Buy Product: null]]></system-out>
      <system-err><![CDATA[2022-02-16 17:27:09 - [TEST_SUITE][INCOMPLETE] - TS - Buy Product: null]]></system-err>
   </testsuite>
</testsuites>
