<?xml version="1.0" encoding="UTF-8"?>
<testsuites name="TS - Buy Product" time="313.912" tests="3" failures="0" skips="0" errors="0">
   <testsuite name="TS - Buy Product" tests="3" failures="0" errors="0" time="313.912" skips="0" timestamp="2022-02-17 09:11:04" hostname="Lenovo - Muri" id="Test Suites/TS - Buy Product">
      <properties>
         <property name="deviceName" value="Xiaomi Redmi 7 (Android 10)"/>
         <property name="devicePlatform" value=""/>
         <property name="logFolder" value="C:\\Users\\Lenovo\\Katalon Studio\\Sauce Labs Mobile Test\\Reports\\20220217_091055\\TS - Buy Product\\20220217_091055"/>
         <property name="logFiles" value="C:\\Users\\Lenovo\\Katalon Studio\\Sauce Labs Mobile Test\\Reports\\20220217_091055\\TS - Buy Product\\20220217_091055\\appium.log, C:\\Users\\Lenovo\\Katalon Studio\\Sauce Labs Mobile Test\\Reports\\20220217_091055\\TS - Buy Product\\20220217_091055\\execution0.log"/>
         <property name="attachments" value=""/>
         <property name="hostName" value="Lenovo - Muri"/>
         <property name="os" value="Windows 10 64bit"/>
         <property name="appiumServerStatus" value="{&quot;value&quot;:{&quot;build&quot;:{&quot;version&quot;:&quot;1.21.0&quot;}},&quot;sessionId&quot;:null,&quot;status&quot;:0}"/>
         <property name="katalonVersion" value="7.8.0.208"/>
         <property name="deviceOS" value="Android"/>
         <property name="appiumVersion" value="1.21.0"/>
         <property name="deviceModel" value="Redmi 7"/>
         <property name="hostAddress" value="192.168.43.147"/>
         <property name="deviceManufacturer" value="Xiaomi"/>
         <property name="deviceId" value="4a90dd0d"/>
         <property name="deviceName" value="Xiaomi Redmi 7 (Android 10)"/>
         <property name="deviceOSVersion" value="10"/>
      </properties>
      <testcase name="Test Cases/TC - 000 - Swag Labs Master" time="91.078" classname="Test Cases/TC - 000 - Swag Labs Master" status="PASSED">
         <system-out><![CDATA[2022-02-17 09:11:08 - [TEST_CASE][PASSED] - Test Cases/TC - 000 - Swag Labs Master: Test Cases/TC - 000 - Swag Labs Master

2022-02-17 09:11:10 - [TEST_STEP][PASSED] - startApplication("C:\Users\Lenovo\Katalon Studio\Sauce Labs Mobile Test\Android.SauceLabs.Mobile.Sample.app.2.7.1.apk", false): Started app at: 'C:\Users\Lenovo\Katalon Studio\Sauce Labs Mobile Test\Android.SauceLabs.Mobile.Sample.app.2.7.1.apk'

2022-02-17 09:11:11 - [MESSAGE][INFO] - User set preference: ['appWaitActivity', '*']

2022-02-17 09:11:11 - [MESSAGE][INFO] - User set preference: ['deviceId', '4a90dd0d']

2022-02-17 09:11:18 - [MESSAGE][INFO] - Appium server started on port 50,669

2022-02-17 09:11:43 - [MESSAGE][INFO] - Failed to get Android statusbar's information.

2022-02-17 09:11:43 - [MESSAGE][PASSED] - Started app at: 'C:\Users\Lenovo\Katalon Studio\Sauce Labs Mobile Test\Android.SauceLabs.Mobile.Sample.app.2.7.1.apk'

2022-02-17 09:11:43 - [TEST_STEP][PASSED] - callTestCase(findTestCase("TC - 001 - Login"), [:], STOP_ON_FAILURE): Call Test Case 'Test Cases/TC - 001 - Login' successfully

2022-02-17 09:11:43 - [TEST_CASE][PASSED] - Test Cases/TC - 001 - Login: Test Cases/TC - 001 - Login

2022-02-17 09:11:44 - [TEST_STEP][PASSED] - setText(findTestObject("Object Repository/Login/EditText - Username"), "standard_user", 0): Text 'standard_user' has been set to element 'Object Repository/Login/EditText - Username'

2022-02-17 09:11:44 - [MESSAGE][WARNING] - Timeout '0' is invalid. Using default page load timeout: '30'

2022-02-17 09:11:46 - [MESSAGE][PASSED] - Text 'standard_user' has been set to element 'Object Repository/Login/EditText - Username'

2022-02-17 09:11:46 - [TEST_STEP][PASSED] - setText(findTestObject("Object Repository/Login/EditText - Password"), "secret_sauce", 0): Text 'secret_sauce' has been set to element 'Object Repository/Login/EditText - Password'

2022-02-17 09:11:46 - [MESSAGE][WARNING] - Timeout '0' is invalid. Using default page load timeout: '30'

2022-02-17 09:11:47 - [MESSAGE][PASSED] - Text 'secret_sauce' has been set to element 'Object Repository/Login/EditText - Password'

2022-02-17 09:11:47 - [TEST_STEP][PASSED] - tap(findTestObject("Object Repository/Login/Button - Login"), 0): Tapped on element 'Object Repository/Login/Button - Login'

2022-02-17 09:11:47 - [MESSAGE][WARNING] - Timeout '0' is invalid. Using default page load timeout: '30'

2022-02-17 09:11:48 - [MESSAGE][PASSED] - Tapped on element 'Object Repository/Login/Button - Login'

2022-02-17 09:11:48 - [MESSAGE][PASSED] - Call Test Case 'Test Cases/TC - 001 - Login' successfully

2022-02-17 09:11:48 - [TEST_STEP][PASSED] - delay(2, STOP_ON_FAILURE): Delayed 2 second(s)

2022-02-17 09:11:50 - [MESSAGE][PASSED] - Delayed 2 second(s)

2022-02-17 09:11:50 - [TEST_STEP][PASSED] - callTestCase(findTestCase("TC - 002 - Products"), ["Total":Total, "Item0":Item0, "Item1":Item1, "Item2":Item2, "Item3":Item3, "Item4":Item4, "Item5":Item5], STOP_ON_FAILURE): Call Test Case 'Test Cases/TC - 002 - Products' successfully

2022-02-17 09:11:50 - [TEST_CASE][PASSED] - Test Cases/TC - 002 - Products: Test Cases/TC - 002 - Products

2022-02-17 09:11:52 - [TEST_STEP][PASSED] - for ([i = 0, i < Total, (i++)]): Tapped on element 'Object Repository/Product/Button - Back To Products'

2022-02-17 09:11:52 - [TEST_STEP][PASSED] - if (i == 0): Tapped on element 'Object Repository/Product/TextView - Sauce Labs Backpack'

2022-02-17 09:11:52 - [TEST_STEP][PASSED] - scrollToText(Item0, STOP_ON_FAILURE): Scrolling to text 'Onesie' successfully

2022-02-17 09:11:57 - [MESSAGE][PASSED] - Scrolling to text 'Onesie' successfully

2022-02-17 09:11:57 - [TEST_STEP][PASSED] - tap(findTestObject("Product/TextView - Sauce Labs Backpack", ["text":Item0]), 0): Tapped on element 'Object Repository/Product/TextView - Sauce Labs Backpack'

2022-02-17 09:11:58 - [MESSAGE][WARNING] - Timeout '0' is invalid. Using default page load timeout: '30'

2022-02-17 09:11:58 - [MESSAGE][PASSED] - Tapped on element 'Object Repository/Product/TextView - Sauce Labs Backpack'

2022-02-17 09:11:58 - [TEST_STEP][PASSED] - scrollToText("ADD TO CART", STOP_ON_FAILURE): Scrolling to text 'ADD TO CART' successfully

2022-02-17 09:12:04 - [MESSAGE][PASSED] - Scrolling to text 'ADD TO CART' successfully

2022-02-17 09:12:04 - [TEST_STEP][PASSED] - tap(findTestObject("Product/Add To Cart - Detail Item"), 0): Tapped on element 'Object Repository/Product/Add To Cart - Detail Item'

2022-02-17 09:12:04 - [MESSAGE][WARNING] - Timeout '0' is invalid. Using default page load timeout: '30'

2022-02-17 09:12:05 - [MESSAGE][PASSED] - Tapped on element 'Object Repository/Product/Add To Cart - Detail Item'

2022-02-17 09:12:05 - [TEST_STEP][PASSED] - tap(findTestObject("Product/Button - Back To Products"), 0): Tapped on element 'Object Repository/Product/Button - Back To Products'

2022-02-17 09:12:05 - [MESSAGE][WARNING] - Timeout '0' is invalid. Using default page load timeout: '30'

2022-02-17 09:12:06 - [MESSAGE][PASSED] - Tapped on element 'Object Repository/Product/Button - Back To Products'

2022-02-17 09:12:06 - [TEST_STEP][PASSED] - if (i == 0): null

2022-02-17 09:12:06 - [TEST_STEP][PASSED] - else if (i == 1): Tapped on element 'Object Repository/Product/TextView - Sauce Labs Backpack'

2022-02-17 09:12:06 - [TEST_STEP][PASSED] - scrollToText(Item1, STOP_ON_FAILURE): Scrolling to text 'Bolt' successfully

2022-02-17 09:12:07 - [MESSAGE][PASSED] - Scrolling to text 'Bolt' successfully

2022-02-17 09:12:07 - [TEST_STEP][PASSED] - tap(findTestObject("Product/TextView - Sauce Labs Backpack", ["text":Item1]), 0): Tapped on element 'Object Repository/Product/TextView - Sauce Labs Backpack'

2022-02-17 09:12:08 - [MESSAGE][WARNING] - Timeout '0' is invalid. Using default page load timeout: '30'

2022-02-17 09:12:08 - [MESSAGE][PASSED] - Tapped on element 'Object Repository/Product/TextView - Sauce Labs Backpack'

2022-02-17 09:12:08 - [TEST_STEP][PASSED] - scrollToText("ADD TO CART", STOP_ON_FAILURE): Scrolling to text 'ADD TO CART' successfully

2022-02-17 09:12:13 - [MESSAGE][PASSED] - Scrolling to text 'ADD TO CART' successfully

2022-02-17 09:12:13 - [TEST_STEP][PASSED] - tap(findTestObject("Product/Add To Cart - Detail Item"), 0): Tapped on element 'Object Repository/Product/Add To Cart - Detail Item'

2022-02-17 09:12:13 - [MESSAGE][WARNING] - Timeout '0' is invalid. Using default page load timeout: '30'

2022-02-17 09:12:14 - [MESSAGE][PASSED] - Tapped on element 'Object Repository/Product/Add To Cart - Detail Item'

2022-02-17 09:12:14 - [TEST_STEP][PASSED] - tap(findTestObject("Product/Button - Back To Products"), 0): Tapped on element 'Object Repository/Product/Button - Back To Products'

2022-02-17 09:12:14 - [MESSAGE][WARNING] - Timeout '0' is invalid. Using default page load timeout: '30'

2022-02-17 09:12:15 - [MESSAGE][PASSED] - Tapped on element 'Object Repository/Product/Button - Back To Products'

2022-02-17 09:12:15 - [TEST_STEP][PASSED] - tap(findTestObject("Object Repository/Product/Image - Cart"), 0): Tapped on element 'Object Repository/Product/Image - Cart'

2022-02-17 09:12:15 - [MESSAGE][WARNING] - Timeout '0' is invalid. Using default page load timeout: '30'

2022-02-17 09:12:17 - [MESSAGE][PASSED] - Tapped on element 'Object Repository/Product/Image - Cart'

2022-02-17 09:12:17 - [TEST_STEP][PASSED] - scrollToText("CHECKOUT", STOP_ON_FAILURE): Scrolling to text 'CHECKOUT' successfully

2022-02-17 09:12:21 - [MESSAGE][PASSED] - Scrolling to text 'CHECKOUT' successfully

2022-02-17 09:12:21 - [TEST_STEP][PASSED] - tap(findTestObject("Product/TextView - CHECKOUT"), 0): Tapped on element 'Object Repository/Product/TextView - CHECKOUT'

2022-02-17 09:12:21 - [MESSAGE][WARNING] - Timeout '0' is invalid. Using default page load timeout: '30'

2022-02-17 09:12:22 - [MESSAGE][PASSED] - Tapped on element 'Object Repository/Product/TextView - CHECKOUT'

2022-02-17 09:12:22 - [MESSAGE][PASSED] - Call Test Case 'Test Cases/TC - 002 - Products' successfully

2022-02-17 09:12:22 - [TEST_STEP][PASSED] - callTestCase(findTestCase("TC - 003 - Checkout"), ["FirstName":FirstName, "LastName":LastName, "Pos":Pos], STOP_ON_FAILURE): Call Test Case 'Test Cases/TC - 003 - Checkout' successfully

2022-02-17 09:12:22 - [TEST_CASE][PASSED] - Test Cases/TC - 003 - Checkout: Test Cases/TC - 003 - Checkout

2022-02-17 09:12:24 - [TEST_STEP][PASSED] - setText(findTestObject("Object Repository/Checkout/EditText - First Name"), FirstName, 0): Text 'Mu' has been set to element 'Object Repository/Checkout/EditText - First Name'

2022-02-17 09:12:24 - [MESSAGE][WARNING] - Timeout '0' is invalid. Using default page load timeout: '30'

2022-02-17 09:12:25 - [MESSAGE][PASSED] - Text 'Mu' has been set to element 'Object Repository/Checkout/EditText - First Name'

2022-02-17 09:12:25 - [TEST_STEP][PASSED] - setText(findTestObject("Object Repository/Checkout/EditText - Last Name"), LastName, 0): Text 'Ri' has been set to element 'Object Repository/Checkout/EditText - Last Name'

2022-02-17 09:12:25 - [MESSAGE][WARNING] - Timeout '0' is invalid. Using default page load timeout: '30'

2022-02-17 09:12:27 - [MESSAGE][PASSED] - Text 'Ri' has been set to element 'Object Repository/Checkout/EditText - Last Name'

2022-02-17 09:12:27 - [TEST_STEP][PASSED] - setText(findTestObject("Checkout/EditText - ZipPostal Code"), Pos, 0): Text '1234' has been set to element 'Object Repository/Checkout/EditText - ZipPostal Code'

2022-02-17 09:12:27 - [MESSAGE][WARNING] - Timeout '0' is invalid. Using default page load timeout: '30'

2022-02-17 09:12:28 - [MESSAGE][PASSED] - Text '1234' has been set to element 'Object Repository/Checkout/EditText - ZipPostal Code'

2022-02-17 09:12:28 - [TEST_STEP][PASSED] - tap(findTestObject("Object Repository/Checkout/Button - Continue"), 0): Tapped on element 'Object Repository/Checkout/Button - Continue'

2022-02-17 09:12:28 - [MESSAGE][WARNING] - Timeout '0' is invalid. Using default page load timeout: '30'

2022-02-17 09:12:30 - [MESSAGE][PASSED] - Tapped on element 'Object Repository/Checkout/Button - Continue'

2022-02-17 09:12:30 - [TEST_STEP][PASSED] - scrollToText("FINISH", STOP_ON_FAILURE): Scrolling to text 'FINISH' successfully

2022-02-17 09:12:36 - [MESSAGE][PASSED] - Scrolling to text 'FINISH' successfully

2022-02-17 09:12:36 - [TEST_STEP][PASSED] - tap(findTestObject("Checkout/Button - FINISH (1)"), 0): Tapped on element 'Object Repository/Checkout/Button - FINISH (1)'

2022-02-17 09:12:37 - [MESSAGE][WARNING] - Timeout '0' is invalid. Using default page load timeout: '30'

2022-02-17 09:12:37 - [MESSAGE][PASSED] - Tapped on element 'Object Repository/Checkout/Button - FINISH (1)'

2022-02-17 09:12:37 - [MESSAGE][PASSED] - Call Test Case 'Test Cases/TC - 003 - Checkout' successfully

2022-02-17 09:12:37 - [TEST_STEP][PASSED] - closeApplication(): Close app successfully

2022-02-17 09:12:39 - [MESSAGE][PASSED] - Close app successfully]]></system-out>
         <system-err><![CDATA[]]></system-err>
      </testcase>
      <testcase name="Test Cases/TC - 000 - Swag Labs Master" time="89.947" classname="Test Cases/TC - 000 - Swag Labs Master" status="PASSED">
         <system-out><![CDATA[2022-02-17 09:12:39 - [TEST_CASE][PASSED] - Test Cases/TC - 000 - Swag Labs Master: Test Cases/TC - 000 - Swag Labs Master

2022-02-17 09:12:39 - [TEST_STEP][PASSED] - startApplication("C:\Users\Lenovo\Katalon Studio\Sauce Labs Mobile Test\Android.SauceLabs.Mobile.Sample.app.2.7.1.apk", false): Started app at: 'C:\Users\Lenovo\Katalon Studio\Sauce Labs Mobile Test\Android.SauceLabs.Mobile.Sample.app.2.7.1.apk'

2022-02-17 09:12:39 - [MESSAGE][INFO] - User set preference: ['appWaitActivity', '*']

2022-02-17 09:12:39 - [MESSAGE][INFO] - User set preference: ['deviceId', '4a90dd0d']

2022-02-17 09:12:45 - [MESSAGE][INFO] - Appium server started on port 50,974

2022-02-17 09:13:04 - [MESSAGE][INFO] - Failed to get Android statusbar's information.

2022-02-17 09:13:04 - [MESSAGE][PASSED] - Started app at: 'C:\Users\Lenovo\Katalon Studio\Sauce Labs Mobile Test\Android.SauceLabs.Mobile.Sample.app.2.7.1.apk'

2022-02-17 09:13:04 - [TEST_STEP][PASSED] - callTestCase(findTestCase("TC - 001 - Login"), [:], STOP_ON_FAILURE): Call Test Case 'Test Cases/TC - 001 - Login' successfully

2022-02-17 09:13:04 - [TEST_CASE][PASSED] - Test Cases/TC - 001 - Login: Test Cases/TC - 001 - Login

2022-02-17 09:13:04 - [TEST_STEP][PASSED] - setText(findTestObject("Object Repository/Login/EditText - Username"), "standard_user", 0): Text 'standard_user' has been set to element 'Object Repository/Login/EditText - Username'

2022-02-17 09:13:04 - [MESSAGE][WARNING] - Timeout '0' is invalid. Using default page load timeout: '30'

2022-02-17 09:13:07 - [MESSAGE][PASSED] - Text 'standard_user' has been set to element 'Object Repository/Login/EditText - Username'

2022-02-17 09:13:07 - [TEST_STEP][PASSED] - setText(findTestObject("Object Repository/Login/EditText - Password"), "secret_sauce", 0): Text 'secret_sauce' has been set to element 'Object Repository/Login/EditText - Password'

2022-02-17 09:13:07 - [MESSAGE][WARNING] - Timeout '0' is invalid. Using default page load timeout: '30'

2022-02-17 09:13:08 - [MESSAGE][PASSED] - Text 'secret_sauce' has been set to element 'Object Repository/Login/EditText - Password'

2022-02-17 09:13:08 - [TEST_STEP][PASSED] - tap(findTestObject("Object Repository/Login/Button - Login"), 0): Tapped on element 'Object Repository/Login/Button - Login'

2022-02-17 09:13:08 - [MESSAGE][WARNING] - Timeout '0' is invalid. Using default page load timeout: '30'

2022-02-17 09:13:09 - [MESSAGE][PASSED] - Tapped on element 'Object Repository/Login/Button - Login'

2022-02-17 09:13:09 - [MESSAGE][PASSED] - Call Test Case 'Test Cases/TC - 001 - Login' successfully

2022-02-17 09:13:09 - [TEST_STEP][PASSED] - delay(2, STOP_ON_FAILURE): Delayed 2 second(s)

2022-02-17 09:13:11 - [MESSAGE][PASSED] - Delayed 2 second(s)

2022-02-17 09:13:11 - [TEST_STEP][PASSED] - callTestCase(findTestCase("TC - 002 - Products"), ["Total":Total, "Item0":Item0, "Item1":Item1, "Item2":Item2, "Item3":Item3, "Item4":Item4, "Item5":Item5], STOP_ON_FAILURE): Call Test Case 'Test Cases/TC - 002 - Products' successfully

2022-02-17 09:13:11 - [TEST_CASE][PASSED] - Test Cases/TC - 002 - Products: Test Cases/TC - 002 - Products

2022-02-17 09:13:11 - [TEST_STEP][PASSED] - for ([i = 0, i < Total, (i++)]): Tapped on element 'Object Repository/Product/Button - Back To Products'

2022-02-17 09:13:11 - [TEST_STEP][PASSED] - if (i == 0): Tapped on element 'Object Repository/Product/TextView - Sauce Labs Backpack'

2022-02-17 09:13:11 - [TEST_STEP][PASSED] - scrollToText(Item0, STOP_ON_FAILURE): Scrolling to text 'Jacket' successfully

2022-02-17 09:13:16 - [MESSAGE][PASSED] - Scrolling to text 'Jacket' successfully

2022-02-17 09:13:16 - [TEST_STEP][PASSED] - tap(findTestObject("Product/TextView - Sauce Labs Backpack", ["text":Item0]), 0): Tapped on element 'Object Repository/Product/TextView - Sauce Labs Backpack'

2022-02-17 09:13:17 - [MESSAGE][WARNING] - Timeout '0' is invalid. Using default page load timeout: '30'

2022-02-17 09:13:17 - [MESSAGE][PASSED] - Tapped on element 'Object Repository/Product/TextView - Sauce Labs Backpack'

2022-02-17 09:13:17 - [TEST_STEP][PASSED] - scrollToText("ADD TO CART", STOP_ON_FAILURE): Scrolling to text 'ADD TO CART' successfully

2022-02-17 09:13:22 - [MESSAGE][PASSED] - Scrolling to text 'ADD TO CART' successfully

2022-02-17 09:13:22 - [TEST_STEP][PASSED] - tap(findTestObject("Product/Add To Cart - Detail Item"), 0): Tapped on element 'Object Repository/Product/Add To Cart - Detail Item'

2022-02-17 09:13:22 - [MESSAGE][WARNING] - Timeout '0' is invalid. Using default page load timeout: '30'

2022-02-17 09:13:23 - [MESSAGE][PASSED] - Tapped on element 'Object Repository/Product/Add To Cart - Detail Item'

2022-02-17 09:13:23 - [TEST_STEP][PASSED] - tap(findTestObject("Product/Button - Back To Products"), 0): Tapped on element 'Object Repository/Product/Button - Back To Products'

2022-02-17 09:13:23 - [MESSAGE][WARNING] - Timeout '0' is invalid. Using default page load timeout: '30'

2022-02-17 09:13:24 - [MESSAGE][PASSED] - Tapped on element 'Object Repository/Product/Button - Back To Products'

2022-02-17 09:13:24 - [TEST_STEP][PASSED] - if (i == 0): null

2022-02-17 09:13:24 - [TEST_STEP][PASSED] - else if (i == 1): Tapped on element 'Object Repository/Product/TextView - Sauce Labs Backpack'

2022-02-17 09:13:24 - [TEST_STEP][PASSED] - scrollToText(Item1, STOP_ON_FAILURE): Scrolling to text 'Red' successfully

2022-02-17 09:13:25 - [MESSAGE][PASSED] - Scrolling to text 'Red' successfully

2022-02-17 09:13:26 - [TEST_STEP][PASSED] - tap(findTestObject("Product/TextView - Sauce Labs Backpack", ["text":Item1]), 0): Tapped on element 'Object Repository/Product/TextView - Sauce Labs Backpack'

2022-02-17 09:13:26 - [MESSAGE][WARNING] - Timeout '0' is invalid. Using default page load timeout: '30'

2022-02-17 09:13:26 - [MESSAGE][PASSED] - Tapped on element 'Object Repository/Product/TextView - Sauce Labs Backpack'

2022-02-17 09:13:26 - [TEST_STEP][PASSED] - scrollToText("ADD TO CART", STOP_ON_FAILURE): Scrolling to text 'ADD TO CART' successfully

2022-02-17 09:13:31 - [MESSAGE][PASSED] - Scrolling to text 'ADD TO CART' successfully

2022-02-17 09:13:31 - [TEST_STEP][PASSED] - tap(findTestObject("Product/Add To Cart - Detail Item"), 0): Tapped on element 'Object Repository/Product/Add To Cart - Detail Item'

2022-02-17 09:13:31 - [MESSAGE][WARNING] - Timeout '0' is invalid. Using default page load timeout: '30'

2022-02-17 09:13:32 - [MESSAGE][PASSED] - Tapped on element 'Object Repository/Product/Add To Cart - Detail Item'

2022-02-17 09:13:32 - [TEST_STEP][PASSED] - tap(findTestObject("Product/Button - Back To Products"), 0): Tapped on element 'Object Repository/Product/Button - Back To Products'

2022-02-17 09:13:32 - [MESSAGE][WARNING] - Timeout '0' is invalid. Using default page load timeout: '30'

2022-02-17 09:13:33 - [MESSAGE][PASSED] - Tapped on element 'Object Repository/Product/Button - Back To Products'

2022-02-17 09:13:33 - [TEST_STEP][PASSED] - if (i == 0): null

2022-02-17 09:13:33 - [TEST_STEP][PASSED] - else if (i == 1): null

2022-02-17 09:13:33 - [TEST_STEP][PASSED] - else if (i == 2): Tapped on element 'Object Repository/Product/TextView - Sauce Labs Backpack'

2022-02-17 09:13:33 - [TEST_STEP][PASSED] - scrollToText(Item2, STOP_ON_FAILURE): Scrolling to text 'Light' successfully

2022-02-17 09:13:37 - [MESSAGE][PASSED] - Scrolling to text 'Light' successfully

2022-02-17 09:13:37 - [TEST_STEP][PASSED] - tap(findTestObject("Product/TextView - Sauce Labs Backpack", ["text":Item2]), 0): Tapped on element 'Object Repository/Product/TextView - Sauce Labs Backpack'

2022-02-17 09:13:38 - [MESSAGE][WARNING] - Timeout '0' is invalid. Using default page load timeout: '30'

2022-02-17 09:13:38 - [MESSAGE][PASSED] - Tapped on element 'Object Repository/Product/TextView - Sauce Labs Backpack'

2022-02-17 09:13:38 - [TEST_STEP][PASSED] - scrollToText("ADD TO CART", STOP_ON_FAILURE): Scrolling to text 'ADD TO CART' successfully

2022-02-17 09:13:43 - [MESSAGE][PASSED] - Scrolling to text 'ADD TO CART' successfully

2022-02-17 09:13:43 - [TEST_STEP][PASSED] - tap(findTestObject("Product/Add To Cart - Detail Item"), 0): Tapped on element 'Object Repository/Product/Add To Cart - Detail Item'

2022-02-17 09:13:43 - [MESSAGE][WARNING] - Timeout '0' is invalid. Using default page load timeout: '30'

2022-02-17 09:13:44 - [MESSAGE][PASSED] - Tapped on element 'Object Repository/Product/Add To Cart - Detail Item'

2022-02-17 09:13:44 - [TEST_STEP][PASSED] - tap(findTestObject("Product/Button - Back To Products"), 0): Tapped on element 'Object Repository/Product/Button - Back To Products'

2022-02-17 09:13:44 - [MESSAGE][WARNING] - Timeout '0' is invalid. Using default page load timeout: '30'

2022-02-17 09:13:45 - [MESSAGE][PASSED] - Tapped on element 'Object Repository/Product/Button - Back To Products'

2022-02-17 09:13:45 - [TEST_STEP][PASSED] - tap(findTestObject("Object Repository/Product/Image - Cart"), 0): Tapped on element 'Object Repository/Product/Image - Cart'

2022-02-17 09:13:45 - [MESSAGE][WARNING] - Timeout '0' is invalid. Using default page load timeout: '30'

2022-02-17 09:13:46 - [MESSAGE][PASSED] - Tapped on element 'Object Repository/Product/Image - Cart'

2022-02-17 09:13:46 - [TEST_STEP][PASSED] - scrollToText("CHECKOUT", STOP_ON_FAILURE): Scrolling to text 'CHECKOUT' successfully

2022-02-17 09:13:53 - [MESSAGE][PASSED] - Scrolling to text 'CHECKOUT' successfully

2022-02-17 09:13:53 - [TEST_STEP][PASSED] - tap(findTestObject("Product/TextView - CHECKOUT"), 0): Tapped on element 'Object Repository/Product/TextView - CHECKOUT'

2022-02-17 09:13:53 - [MESSAGE][WARNING] - Timeout '0' is invalid. Using default page load timeout: '30'

2022-02-17 09:13:54 - [MESSAGE][PASSED] - Tapped on element 'Object Repository/Product/TextView - CHECKOUT'

2022-02-17 09:13:54 - [MESSAGE][PASSED] - Call Test Case 'Test Cases/TC - 002 - Products' successfully

2022-02-17 09:13:54 - [TEST_STEP][PASSED] - callTestCase(findTestCase("TC - 003 - Checkout"), ["FirstName":FirstName, "LastName":LastName, "Pos":Pos], STOP_ON_FAILURE): Call Test Case 'Test Cases/TC - 003 - Checkout' successfully

2022-02-17 09:13:54 - [TEST_CASE][PASSED] - Test Cases/TC - 003 - Checkout: Test Cases/TC - 003 - Checkout

2022-02-17 09:13:54 - [TEST_STEP][PASSED] - setText(findTestObject("Object Repository/Checkout/EditText - First Name"), FirstName, 0): Text 'Do' has been set to element 'Object Repository/Checkout/EditText - First Name'

2022-02-17 09:13:55 - [MESSAGE][WARNING] - Timeout '0' is invalid. Using default page load timeout: '30'

2022-02-17 09:13:56 - [MESSAGE][PASSED] - Text 'Do' has been set to element 'Object Repository/Checkout/EditText - First Name'

2022-02-17 09:13:56 - [TEST_STEP][PASSED] - setText(findTestObject("Object Repository/Checkout/EditText - Last Name"), LastName, 0): Text 'Ni' has been set to element 'Object Repository/Checkout/EditText - Last Name'

2022-02-17 09:13:57 - [MESSAGE][WARNING] - Timeout '0' is invalid. Using default page load timeout: '30'

2022-02-17 09:13:58 - [MESSAGE][PASSED] - Text 'Ni' has been set to element 'Object Repository/Checkout/EditText - Last Name'

2022-02-17 09:13:58 - [TEST_STEP][PASSED] - setText(findTestObject("Checkout/EditText - ZipPostal Code"), Pos, 0): Text '4312' has been set to element 'Object Repository/Checkout/EditText - ZipPostal Code'

2022-02-17 09:13:58 - [MESSAGE][WARNING] - Timeout '0' is invalid. Using default page load timeout: '30'

2022-02-17 09:13:59 - [MESSAGE][PASSED] - Text '4312' has been set to element 'Object Repository/Checkout/EditText - ZipPostal Code'

2022-02-17 09:13:59 - [TEST_STEP][PASSED] - tap(findTestObject("Object Repository/Checkout/Button - Continue"), 0): Tapped on element 'Object Repository/Checkout/Button - Continue'

2022-02-17 09:14:00 - [MESSAGE][WARNING] - Timeout '0' is invalid. Using default page load timeout: '30'

2022-02-17 09:14:00 - [MESSAGE][PASSED] - Tapped on element 'Object Repository/Checkout/Button - Continue'

2022-02-17 09:14:00 - [TEST_STEP][PASSED] - scrollToText("FINISH", STOP_ON_FAILURE): Scrolling to text 'FINISH' successfully

2022-02-17 09:14:07 - [MESSAGE][PASSED] - Scrolling to text 'FINISH' successfully

2022-02-17 09:14:07 - [TEST_STEP][PASSED] - tap(findTestObject("Checkout/Button - FINISH (1)"), 0): Tapped on element 'Object Repository/Checkout/Button - FINISH (1)'

2022-02-17 09:14:08 - [MESSAGE][WARNING] - Timeout '0' is invalid. Using default page load timeout: '30'

2022-02-17 09:14:08 - [MESSAGE][PASSED] - Tapped on element 'Object Repository/Checkout/Button - FINISH (1)'

2022-02-17 09:14:08 - [MESSAGE][PASSED] - Call Test Case 'Test Cases/TC - 003 - Checkout' successfully

2022-02-17 09:14:08 - [TEST_STEP][PASSED] - closeApplication(): Close app successfully

2022-02-17 09:14:09 - [MESSAGE][PASSED] - Close app successfully]]></system-out>
         <system-err><![CDATA[]]></system-err>
      </testcase>
      <testcase name="Test Cases/TC - 000 - Swag Labs Master" time="128.41" classname="Test Cases/TC - 000 - Swag Labs Master" status="PASSED">
         <system-out><![CDATA[2022-02-17 09:14:09 - [TEST_CASE][PASSED] - Test Cases/TC - 000 - Swag Labs Master: Test Cases/TC - 000 - Swag Labs Master

2022-02-17 09:14:09 - [TEST_STEP][PASSED] - startApplication("C:\Users\Lenovo\Katalon Studio\Sauce Labs Mobile Test\Android.SauceLabs.Mobile.Sample.app.2.7.1.apk", false): Started app at: 'C:\Users\Lenovo\Katalon Studio\Sauce Labs Mobile Test\Android.SauceLabs.Mobile.Sample.app.2.7.1.apk'

2022-02-17 09:14:09 - [MESSAGE][INFO] - User set preference: ['appWaitActivity', '*']

2022-02-17 09:14:09 - [MESSAGE][INFO] - User set preference: ['deviceId', '4a90dd0d']

2022-02-17 09:14:14 - [MESSAGE][INFO] - Appium server started on port 51,324

2022-02-17 09:14:34 - [MESSAGE][INFO] - Failed to get Android statusbar's information.

2022-02-17 09:14:34 - [MESSAGE][PASSED] - Started app at: 'C:\Users\Lenovo\Katalon Studio\Sauce Labs Mobile Test\Android.SauceLabs.Mobile.Sample.app.2.7.1.apk'

2022-02-17 09:14:34 - [TEST_STEP][PASSED] - callTestCase(findTestCase("TC - 001 - Login"), [:], STOP_ON_FAILURE): Call Test Case 'Test Cases/TC - 001 - Login' successfully

2022-02-17 09:14:34 - [TEST_CASE][PASSED] - Test Cases/TC - 001 - Login: Test Cases/TC - 001 - Login

2022-02-17 09:14:34 - [TEST_STEP][PASSED] - setText(findTestObject("Object Repository/Login/EditText - Username"), "standard_user", 0): Text 'standard_user' has been set to element 'Object Repository/Login/EditText - Username'

2022-02-17 09:14:34 - [MESSAGE][WARNING] - Timeout '0' is invalid. Using default page load timeout: '30'

2022-02-17 09:14:35 - [MESSAGE][PASSED] - Text 'standard_user' has been set to element 'Object Repository/Login/EditText - Username'

2022-02-17 09:14:35 - [TEST_STEP][PASSED] - setText(findTestObject("Object Repository/Login/EditText - Password"), "secret_sauce", 0): Text 'secret_sauce' has been set to element 'Object Repository/Login/EditText - Password'

2022-02-17 09:14:36 - [MESSAGE][WARNING] - Timeout '0' is invalid. Using default page load timeout: '30'

2022-02-17 09:14:37 - [MESSAGE][PASSED] - Text 'secret_sauce' has been set to element 'Object Repository/Login/EditText - Password'

2022-02-17 09:14:37 - [TEST_STEP][PASSED] - tap(findTestObject("Object Repository/Login/Button - Login"), 0): Tapped on element 'Object Repository/Login/Button - Login'

2022-02-17 09:14:37 - [MESSAGE][WARNING] - Timeout '0' is invalid. Using default page load timeout: '30'

2022-02-17 09:14:38 - [MESSAGE][PASSED] - Tapped on element 'Object Repository/Login/Button - Login'

2022-02-17 09:14:38 - [MESSAGE][PASSED] - Call Test Case 'Test Cases/TC - 001 - Login' successfully

2022-02-17 09:14:38 - [TEST_STEP][PASSED] - delay(2, STOP_ON_FAILURE): Delayed 2 second(s)

2022-02-17 09:14:40 - [MESSAGE][PASSED] - Delayed 2 second(s)

2022-02-17 09:14:40 - [TEST_STEP][PASSED] - callTestCase(findTestCase("TC - 002 - Products"), ["Total":Total, "Item0":Item0, "Item1":Item1, "Item2":Item2, "Item3":Item3, "Item4":Item4, "Item5":Item5], STOP_ON_FAILURE): Call Test Case 'Test Cases/TC - 002 - Products' successfully

2022-02-17 09:14:40 - [TEST_CASE][PASSED] - Test Cases/TC - 002 - Products: Test Cases/TC - 002 - Products

2022-02-17 09:14:40 - [TEST_STEP][PASSED] - for ([i = 0, i < Total, (i++)]): Tapped on element 'Object Repository/Product/Button - Back To Products'

2022-02-17 09:14:40 - [TEST_STEP][PASSED] - if (i == 0): Tapped on element 'Object Repository/Product/TextView - Sauce Labs Backpack'

2022-02-17 09:14:40 - [TEST_STEP][PASSED] - scrollToText(Item0, STOP_ON_FAILURE): Scrolling to text 'Backpack' successfully

2022-02-17 09:14:42 - [MESSAGE][PASSED] - Scrolling to text 'Backpack' successfully

2022-02-17 09:14:42 - [TEST_STEP][PASSED] - tap(findTestObject("Product/TextView - Sauce Labs Backpack", ["text":Item0]), 0): Tapped on element 'Object Repository/Product/TextView - Sauce Labs Backpack'

2022-02-17 09:14:42 - [MESSAGE][WARNING] - Timeout '0' is invalid. Using default page load timeout: '30'

2022-02-17 09:14:43 - [MESSAGE][PASSED] - Tapped on element 'Object Repository/Product/TextView - Sauce Labs Backpack'

2022-02-17 09:14:43 - [TEST_STEP][PASSED] - scrollToText("ADD TO CART", STOP_ON_FAILURE): Scrolling to text 'ADD TO CART' successfully

2022-02-17 09:14:47 - [MESSAGE][PASSED] - Scrolling to text 'ADD TO CART' successfully

2022-02-17 09:14:47 - [TEST_STEP][PASSED] - tap(findTestObject("Product/Add To Cart - Detail Item"), 0): Tapped on element 'Object Repository/Product/Add To Cart - Detail Item'

2022-02-17 09:14:48 - [MESSAGE][WARNING] - Timeout '0' is invalid. Using default page load timeout: '30'

2022-02-17 09:14:48 - [MESSAGE][PASSED] - Tapped on element 'Object Repository/Product/Add To Cart - Detail Item'

2022-02-17 09:14:48 - [TEST_STEP][PASSED] - tap(findTestObject("Product/Button - Back To Products"), 0): Tapped on element 'Object Repository/Product/Button - Back To Products'

2022-02-17 09:14:48 - [MESSAGE][WARNING] - Timeout '0' is invalid. Using default page load timeout: '30'

2022-02-17 09:14:49 - [MESSAGE][PASSED] - Tapped on element 'Object Repository/Product/Button - Back To Products'

2022-02-17 09:14:49 - [TEST_STEP][PASSED] - if (i == 0): null

2022-02-17 09:14:49 - [TEST_STEP][PASSED] - else if (i == 1): Tapped on element 'Object Repository/Product/TextView - Sauce Labs Backpack'

2022-02-17 09:14:49 - [TEST_STEP][PASSED] - scrollToText(Item1, STOP_ON_FAILURE): Scrolling to text 'Jacket' successfully

2022-02-17 09:14:54 - [MESSAGE][PASSED] - Scrolling to text 'Jacket' successfully

2022-02-17 09:14:54 - [TEST_STEP][PASSED] - tap(findTestObject("Product/TextView - Sauce Labs Backpack", ["text":Item1]), 0): Tapped on element 'Object Repository/Product/TextView - Sauce Labs Backpack'

2022-02-17 09:14:55 - [MESSAGE][WARNING] - Timeout '0' is invalid. Using default page load timeout: '30'

2022-02-17 09:14:55 - [MESSAGE][PASSED] - Tapped on element 'Object Repository/Product/TextView - Sauce Labs Backpack'

2022-02-17 09:14:55 - [TEST_STEP][PASSED] - scrollToText("ADD TO CART", STOP_ON_FAILURE): Scrolling to text 'ADD TO CART' successfully

2022-02-17 09:15:00 - [MESSAGE][PASSED] - Scrolling to text 'ADD TO CART' successfully

2022-02-17 09:15:00 - [TEST_STEP][PASSED] - tap(findTestObject("Product/Add To Cart - Detail Item"), 0): Tapped on element 'Object Repository/Product/Add To Cart - Detail Item'

2022-02-17 09:15:00 - [MESSAGE][WARNING] - Timeout '0' is invalid. Using default page load timeout: '30'

2022-02-17 09:15:01 - [MESSAGE][PASSED] - Tapped on element 'Object Repository/Product/Add To Cart - Detail Item'

2022-02-17 09:15:01 - [TEST_STEP][PASSED] - tap(findTestObject("Product/Button - Back To Products"), 0): Tapped on element 'Object Repository/Product/Button - Back To Products'

2022-02-17 09:15:01 - [MESSAGE][WARNING] - Timeout '0' is invalid. Using default page load timeout: '30'

2022-02-17 09:15:03 - [MESSAGE][PASSED] - Tapped on element 'Object Repository/Product/Button - Back To Products'

2022-02-17 09:15:03 - [TEST_STEP][PASSED] - if (i == 0): null

2022-02-17 09:15:03 - [TEST_STEP][PASSED] - else if (i == 1): null

2022-02-17 09:15:03 - [TEST_STEP][PASSED] - else if (i == 2): Tapped on element 'Object Repository/Product/TextView - Sauce Labs Backpack'

2022-02-17 09:15:03 - [TEST_STEP][PASSED] - scrollToText(Item2, STOP_ON_FAILURE): Scrolling to text 'Light' successfully

2022-02-17 09:15:08 - [MESSAGE][PASSED] - Scrolling to text 'Light' successfully

2022-02-17 09:15:08 - [TEST_STEP][PASSED] - tap(findTestObject("Product/TextView - Sauce Labs Backpack", ["text":Item2]), 0): Tapped on element 'Object Repository/Product/TextView - Sauce Labs Backpack'

2022-02-17 09:15:08 - [MESSAGE][WARNING] - Timeout '0' is invalid. Using default page load timeout: '30'

2022-02-17 09:15:08 - [MESSAGE][PASSED] - Tapped on element 'Object Repository/Product/TextView - Sauce Labs Backpack'

2022-02-17 09:15:08 - [TEST_STEP][PASSED] - scrollToText("ADD TO CART", STOP_ON_FAILURE): Scrolling to text 'ADD TO CART' successfully

2022-02-17 09:15:13 - [MESSAGE][PASSED] - Scrolling to text 'ADD TO CART' successfully

2022-02-17 09:15:13 - [TEST_STEP][PASSED] - tap(findTestObject("Product/Add To Cart - Detail Item"), 0): Tapped on element 'Object Repository/Product/Add To Cart - Detail Item'

2022-02-17 09:15:13 - [MESSAGE][WARNING] - Timeout '0' is invalid. Using default page load timeout: '30'

2022-02-17 09:15:14 - [MESSAGE][PASSED] - Tapped on element 'Object Repository/Product/Add To Cart - Detail Item'

2022-02-17 09:15:14 - [TEST_STEP][PASSED] - tap(findTestObject("Product/Button - Back To Products"), 0): Tapped on element 'Object Repository/Product/Button - Back To Products'

2022-02-17 09:15:14 - [MESSAGE][WARNING] - Timeout '0' is invalid. Using default page load timeout: '30'

2022-02-17 09:15:15 - [MESSAGE][PASSED] - Tapped on element 'Object Repository/Product/Button - Back To Products'

2022-02-17 09:15:15 - [TEST_STEP][PASSED] - if (i == 0): null

2022-02-17 09:15:15 - [TEST_STEP][PASSED] - else if (i == 1): null

2022-02-17 09:15:15 - [TEST_STEP][PASSED] - else if (i == 2): null

2022-02-17 09:15:15 - [TEST_STEP][PASSED] - else if (i == 3): Tapped on element 'Object Repository/Product/TextView - Sauce Labs Backpack'

2022-02-17 09:15:15 - [TEST_STEP][PASSED] - scrollToText(Item3, STOP_ON_FAILURE): Scrolling to text 'Bolt' successfully

2022-02-17 09:15:20 - [MESSAGE][PASSED] - Scrolling to text 'Bolt' successfully

2022-02-17 09:15:20 - [TEST_STEP][PASSED] - tap(findTestObject("Product/TextView - Sauce Labs Backpack", ["text":Item3]), 0): Tapped on element 'Object Repository/Product/TextView - Sauce Labs Backpack'

2022-02-17 09:15:20 - [MESSAGE][WARNING] - Timeout '0' is invalid. Using default page load timeout: '30'

2022-02-17 09:15:20 - [MESSAGE][PASSED] - Tapped on element 'Object Repository/Product/TextView - Sauce Labs Backpack'

2022-02-17 09:15:20 - [TEST_STEP][PASSED] - scrollToText("ADD TO CART", STOP_ON_FAILURE): Scrolling to text 'ADD TO CART' successfully

2022-02-17 09:15:25 - [MESSAGE][PASSED] - Scrolling to text 'ADD TO CART' successfully

2022-02-17 09:15:25 - [TEST_STEP][PASSED] - tap(findTestObject("Product/Add To Cart - Detail Item"), 0): Tapped on element 'Object Repository/Product/Add To Cart - Detail Item'

2022-02-17 09:15:25 - [MESSAGE][WARNING] - Timeout '0' is invalid. Using default page load timeout: '30'

2022-02-17 09:15:26 - [MESSAGE][PASSED] - Tapped on element 'Object Repository/Product/Add To Cart - Detail Item'

2022-02-17 09:15:26 - [TEST_STEP][PASSED] - tap(findTestObject("Product/Button - Back To Products"), 0): Tapped on element 'Object Repository/Product/Button - Back To Products'

2022-02-17 09:15:26 - [MESSAGE][WARNING] - Timeout '0' is invalid. Using default page load timeout: '30'

2022-02-17 09:15:27 - [MESSAGE][PASSED] - Tapped on element 'Object Repository/Product/Button - Back To Products'

2022-02-17 09:15:27 - [TEST_STEP][PASSED] - if (i == 0): null

2022-02-17 09:15:27 - [TEST_STEP][PASSED] - else if (i == 1): null

2022-02-17 09:15:27 - [TEST_STEP][PASSED] - else if (i == 2): null

2022-02-17 09:15:27 - [TEST_STEP][PASSED] - else if (i == 3): null

2022-02-17 09:15:27 - [TEST_STEP][PASSED] - else if (i == 4): Tapped on element 'Object Repository/Product/TextView - Sauce Labs Backpack'

2022-02-17 09:15:27 - [TEST_STEP][PASSED] - scrollToText(Item4, STOP_ON_FAILURE): Scrolling to text 'Onesie' successfully

2022-02-17 09:15:28 - [MESSAGE][PASSED] - Scrolling to text 'Onesie' successfully

2022-02-17 09:15:28 - [TEST_STEP][PASSED] - tap(findTestObject("Product/TextView - Sauce Labs Backpack", ["text":Item4]), 0): Tapped on element 'Object Repository/Product/TextView - Sauce Labs Backpack'

2022-02-17 09:15:28 - [MESSAGE][WARNING] - Timeout '0' is invalid. Using default page load timeout: '30'

2022-02-17 09:15:29 - [MESSAGE][PASSED] - Tapped on element 'Object Repository/Product/TextView - Sauce Labs Backpack'

2022-02-17 09:15:29 - [TEST_STEP][PASSED] - scrollToText("ADD TO CART", STOP_ON_FAILURE): Scrolling to text 'ADD TO CART' successfully

2022-02-17 09:15:34 - [MESSAGE][PASSED] - Scrolling to text 'ADD TO CART' successfully

2022-02-17 09:15:34 - [TEST_STEP][PASSED] - tap(findTestObject("Product/Add To Cart - Detail Item"), 0): Tapped on element 'Object Repository/Product/Add To Cart - Detail Item'

2022-02-17 09:15:34 - [MESSAGE][WARNING] - Timeout '0' is invalid. Using default page load timeout: '30'

2022-02-17 09:15:35 - [MESSAGE][PASSED] - Tapped on element 'Object Repository/Product/Add To Cart - Detail Item'

2022-02-17 09:15:35 - [TEST_STEP][PASSED] - tap(findTestObject("Product/Button - Back To Products"), 0): Tapped on element 'Object Repository/Product/Button - Back To Products'

2022-02-17 09:15:35 - [MESSAGE][WARNING] - Timeout '0' is invalid. Using default page load timeout: '30'

2022-02-17 09:15:36 - [MESSAGE][PASSED] - Tapped on element 'Object Repository/Product/Button - Back To Products'

2022-02-17 09:15:36 - [TEST_STEP][PASSED] - if (i == 0): null

2022-02-17 09:15:36 - [TEST_STEP][PASSED] - else if (i == 1): null

2022-02-17 09:15:36 - [TEST_STEP][PASSED] - else if (i == 2): null

2022-02-17 09:15:36 - [TEST_STEP][PASSED] - else if (i == 3): null

2022-02-17 09:15:36 - [TEST_STEP][PASSED] - else if (i == 4): null

2022-02-17 09:15:36 - [TEST_STEP][PASSED] - else if (i == 5): Tapped on element 'Object Repository/Product/TextView - Sauce Labs Backpack'

2022-02-17 09:15:36 - [TEST_STEP][PASSED] - scrollToText(Item5, STOP_ON_FAILURE): Scrolling to text 'Red' successfully

2022-02-17 09:15:37 - [MESSAGE][PASSED] - Scrolling to text 'Red' successfully

2022-02-17 09:15:37 - [TEST_STEP][PASSED] - tap(findTestObject("Product/TextView - Sauce Labs Backpack", ["text":Item5]), 0): Tapped on element 'Object Repository/Product/TextView - Sauce Labs Backpack'

2022-02-17 09:15:37 - [MESSAGE][WARNING] - Timeout '0' is invalid. Using default page load timeout: '30'

2022-02-17 09:15:38 - [MESSAGE][PASSED] - Tapped on element 'Object Repository/Product/TextView - Sauce Labs Backpack'

2022-02-17 09:15:38 - [TEST_STEP][PASSED] - scrollToText("ADD TO CART", STOP_ON_FAILURE): Scrolling to text 'ADD TO CART' successfully

2022-02-17 09:15:42 - [MESSAGE][PASSED] - Scrolling to text 'ADD TO CART' successfully

2022-02-17 09:15:42 - [TEST_STEP][PASSED] - tap(findTestObject("Product/Add To Cart - Detail Item"), 0): Tapped on element 'Object Repository/Product/Add To Cart - Detail Item'

2022-02-17 09:15:43 - [MESSAGE][WARNING] - Timeout '0' is invalid. Using default page load timeout: '30'

2022-02-17 09:15:43 - [MESSAGE][PASSED] - Tapped on element 'Object Repository/Product/Add To Cart - Detail Item'

2022-02-17 09:15:43 - [TEST_STEP][PASSED] - tap(findTestObject("Product/Button - Back To Products"), 0): Tapped on element 'Object Repository/Product/Button - Back To Products'

2022-02-17 09:15:43 - [MESSAGE][WARNING] - Timeout '0' is invalid. Using default page load timeout: '30'

2022-02-17 09:15:44 - [MESSAGE][PASSED] - Tapped on element 'Object Repository/Product/Button - Back To Products'

2022-02-17 09:15:44 - [TEST_STEP][PASSED] - tap(findTestObject("Object Repository/Product/Image - Cart"), 0): Tapped on element 'Object Repository/Product/Image - Cart'

2022-02-17 09:15:44 - [MESSAGE][WARNING] - Timeout '0' is invalid. Using default page load timeout: '30'

2022-02-17 09:15:45 - [MESSAGE][PASSED] - Tapped on element 'Object Repository/Product/Image - Cart'

2022-02-17 09:15:45 - [TEST_STEP][PASSED] - scrollToText("CHECKOUT", STOP_ON_FAILURE): Scrolling to text 'CHECKOUT' successfully

2022-02-17 09:15:57 - [MESSAGE][PASSED] - Scrolling to text 'CHECKOUT' successfully

2022-02-17 09:15:57 - [TEST_STEP][PASSED] - tap(findTestObject("Product/TextView - CHECKOUT"), 0): Tapped on element 'Object Repository/Product/TextView - CHECKOUT'

2022-02-17 09:15:57 - [MESSAGE][WARNING] - Timeout '0' is invalid. Using default page load timeout: '30'

2022-02-17 09:15:57 - [MESSAGE][PASSED] - Tapped on element 'Object Repository/Product/TextView - CHECKOUT'

2022-02-17 09:15:57 - [MESSAGE][PASSED] - Call Test Case 'Test Cases/TC - 002 - Products' successfully

2022-02-17 09:15:57 - [TEST_STEP][PASSED] - callTestCase(findTestCase("TC - 003 - Checkout"), ["FirstName":FirstName, "LastName":LastName, "Pos":Pos], STOP_ON_FAILURE): Call Test Case 'Test Cases/TC - 003 - Checkout' successfully

2022-02-17 09:15:57 - [TEST_CASE][PASSED] - Test Cases/TC - 003 - Checkout: Test Cases/TC - 003 - Checkout

2022-02-17 09:15:57 - [TEST_STEP][PASSED] - setText(findTestObject("Object Repository/Checkout/EditText - First Name"), FirstName, 0): Text 'Bu' has been set to element 'Object Repository/Checkout/EditText - First Name'

2022-02-17 09:15:58 - [MESSAGE][WARNING] - Timeout '0' is invalid. Using default page load timeout: '30'

2022-02-17 09:16:00 - [MESSAGE][PASSED] - Text 'Bu' has been set to element 'Object Repository/Checkout/EditText - First Name'

2022-02-17 09:16:00 - [TEST_STEP][PASSED] - setText(findTestObject("Object Repository/Checkout/EditText - Last Name"), LastName, 0): Text 'Di' has been set to element 'Object Repository/Checkout/EditText - Last Name'

2022-02-17 09:16:00 - [MESSAGE][WARNING] - Timeout '0' is invalid. Using default page load timeout: '30'

2022-02-17 09:16:02 - [MESSAGE][PASSED] - Text 'Di' has been set to element 'Object Repository/Checkout/EditText - Last Name'

2022-02-17 09:16:02 - [TEST_STEP][PASSED] - setText(findTestObject("Checkout/EditText - ZipPostal Code"), Pos, 0): Text '2314' has been set to element 'Object Repository/Checkout/EditText - ZipPostal Code'

2022-02-17 09:16:02 - [MESSAGE][WARNING] - Timeout '0' is invalid. Using default page load timeout: '30'

2022-02-17 09:16:04 - [MESSAGE][PASSED] - Text '2314' has been set to element 'Object Repository/Checkout/EditText - ZipPostal Code'

2022-02-17 09:16:04 - [TEST_STEP][PASSED] - tap(findTestObject("Object Repository/Checkout/Button - Continue"), 0): Tapped on element 'Object Repository/Checkout/Button - Continue'

2022-02-17 09:16:04 - [MESSAGE][WARNING] - Timeout '0' is invalid. Using default page load timeout: '30'

2022-02-17 09:16:05 - [MESSAGE][PASSED] - Tapped on element 'Object Repository/Checkout/Button - Continue'

2022-02-17 09:16:05 - [TEST_STEP][PASSED] - scrollToText("FINISH", STOP_ON_FAILURE): Scrolling to text 'FINISH' successfully

2022-02-17 09:16:16 - [MESSAGE][PASSED] - Scrolling to text 'FINISH' successfully

2022-02-17 09:16:16 - [TEST_STEP][PASSED] - tap(findTestObject("Checkout/Button - FINISH (1)"), 0): Tapped on element 'Object Repository/Checkout/Button - FINISH (1)'

2022-02-17 09:16:16 - [MESSAGE][WARNING] - Timeout '0' is invalid. Using default page load timeout: '30'

2022-02-17 09:16:17 - [MESSAGE][PASSED] - Tapped on element 'Object Repository/Checkout/Button - FINISH (1)'

2022-02-17 09:16:17 - [MESSAGE][PASSED] - Call Test Case 'Test Cases/TC - 003 - Checkout' successfully

2022-02-17 09:16:17 - [TEST_STEP][PASSED] - closeApplication(): Close app successfully

2022-02-17 09:16:18 - [MESSAGE][PASSED] - Close app successfully]]></system-out>
         <system-err><![CDATA[]]></system-err>
      </testcase>
      <system-out><![CDATA[2022-02-17 09:11:04 - [TEST_SUITE][INCOMPLETE] - TS - Buy Product: null]]></system-out>
      <system-err><![CDATA[2022-02-17 09:11:04 - [TEST_SUITE][INCOMPLETE] - TS - Buy Product: null]]></system-err>
   </testsuite>
</testsuites>
